[2023-05-13 19:14:56,882][__main__][INFO] - {'general': {'save_path': './draw_bench/counting', 'model_path': 'runwayml/stable-diffusion-v1-5', 'unet_config': './conf/unet/config.json'}, 'inference': {'loss_scale': 30, 'batch_size': 1, 'loss_threshold': 0.2, 'max_iter': 5, 'max_index_step': 10, 'timesteps': 51, 'classifier_free_guidance': 7.5, 'rand_seed': 100}, 'noise_schedule': {'beta_start': 0.00085, 'beta_end': 0.012, 'beta_schedule': 'scaled_linear', 'num_train_timesteps': 1000}}
[2023-05-13 19:14:56,882][__main__][INFO] - save config to ./draw_bench/counting/config.yaml
[2023-05-13 19:14:56,889][__main__][INFO] - Inference
[2023-05-13 19:14:56,890][__main__][INFO] - Prompt: One car on the street.
[2023-05-13 19:14:56,890][__main__][INFO] - Phrases: car;street
[2023-05-13 19:14:56,890][__main__][INFO] - Conver Phrases to Object Positions
[2023-05-13 19:15:21,780][__main__][INFO] - Decode Image...
[2023-05-13 19:15:21,968][__main__][INFO] - Inference
[2023-05-13 19:15:21,968][__main__][INFO] - Prompt: One car on the street.
[2023-05-13 19:15:21,968][__main__][INFO] - Phrases: car;street
[2023-05-13 19:15:21,968][__main__][INFO] - Conver Phrases to Object Positions
[2023-05-13 19:15:46,849][__main__][INFO] - Decode Image...
[2023-05-13 19:15:47,029][__main__][INFO] - Inference
[2023-05-13 19:15:47,029][__main__][INFO] - Prompt: One car on the street.
[2023-05-13 19:15:47,029][__main__][INFO] - Phrases: car;street
[2023-05-13 19:15:47,029][__main__][INFO] - Conver Phrases to Object Positions
[2023-05-13 19:16:11,332][__main__][INFO] - Decode Image...
[2023-05-13 19:16:11,514][__main__][INFO] - Inference
[2023-05-13 19:16:11,514][__main__][INFO] - Prompt: One car on the street.
[2023-05-13 19:16:11,514][__main__][INFO] - Phrases: car;street
[2023-05-13 19:16:11,514][__main__][INFO] - Conver Phrases to Object Positions
[2023-05-13 19:16:36,372][__main__][INFO] - Decode Image...
[2023-05-13 19:16:36,553][__main__][INFO] - Inference
[2023-05-13 19:16:36,553][__main__][INFO] - Prompt: One car on the street.
[2023-05-13 19:16:36,553][__main__][INFO] - Phrases: car;street
[2023-05-13 19:16:36,553][__main__][INFO] - Conver Phrases to Object Positions
[2023-05-13 19:17:01,777][__main__][INFO] - Decode Image...
[2023-05-13 19:17:01,959][__main__][INFO] - Inference
[2023-05-13 19:17:01,959][__main__][INFO] - Prompt: One car on the street.
[2023-05-13 19:17:01,959][__main__][INFO] - Phrases: car;street
[2023-05-13 19:17:01,959][__main__][INFO] - Conver Phrases to Object Positions
[2023-05-13 19:17:27,179][__main__][INFO] - Decode Image...
[2023-05-13 19:17:27,360][__main__][INFO] - Inference
[2023-05-13 19:17:27,360][__main__][INFO] - Prompt: One car on the street.
[2023-05-13 19:17:27,361][__main__][INFO] - Phrases: car;street
[2023-05-13 19:17:27,361][__main__][INFO] - Conver Phrases to Object Positions
[2023-05-13 19:17:52,068][__main__][INFO] - Decode Image...
[2023-05-13 19:17:52,247][__main__][INFO] - Inference
[2023-05-13 19:17:52,247][__main__][INFO] - Prompt: One car on the street.
[2023-05-13 19:17:52,247][__main__][INFO] - Phrases: car;street
[2023-05-13 19:17:52,247][__main__][INFO] - Conver Phrases to Object Positions
[2023-05-13 19:18:16,562][__main__][INFO] - Decode Image...
[2023-05-13 19:18:16,743][__main__][INFO] - Inference
[2023-05-13 19:18:16,743][__main__][INFO] - Prompt: One car on the street.
[2023-05-13 19:18:16,743][__main__][INFO] - Phrases: car;street
[2023-05-13 19:18:16,743][__main__][INFO] - Conver Phrases to Object Positions
[2023-05-13 19:18:41,233][__main__][INFO] - Decode Image...
[2023-05-13 19:18:41,414][__main__][INFO] - Inference
[2023-05-13 19:18:41,415][__main__][INFO] - Prompt: One car on the street.
[2023-05-13 19:18:41,415][__main__][INFO] - Phrases: car;street
[2023-05-13 19:18:41,415][__main__][INFO] - Conver Phrases to Object Positions
[2023-05-13 19:19:06,128][__main__][INFO] - Decode Image...
[2023-05-13 19:19:06,308][__main__][INFO] - Inference
[2023-05-13 19:19:06,308][__main__][INFO] - Prompt: Two cars on the street.
[2023-05-13 19:19:06,308][__main__][INFO] - Phrases: car;car
[2023-05-13 19:19:06,308][__main__][INFO] - Conver Phrases to Object Positions
[2023-05-13 19:19:21,388][__main__][INFO] - Decode Image...
[2023-05-13 19:19:21,581][__main__][INFO] - Inference
[2023-05-13 19:19:21,582][__main__][INFO] - Prompt: Two cars on the street.
[2023-05-13 19:19:21,582][__main__][INFO] - Phrases: car;car
[2023-05-13 19:19:21,582][__main__][INFO] - Conver Phrases to Object Positions
[2023-05-13 19:19:36,955][__main__][INFO] - Decode Image...
[2023-05-13 19:19:37,144][__main__][INFO] - Inference
[2023-05-13 19:19:37,144][__main__][INFO] - Prompt: Two cars on the street.
[2023-05-13 19:19:37,144][__main__][INFO] - Phrases: car;car
[2023-05-13 19:19:37,144][__main__][INFO] - Conver Phrases to Object Positions
[2023-05-13 19:19:52,299][__main__][INFO] - Decode Image...
[2023-05-13 19:19:52,490][__main__][INFO] - Inference
[2023-05-13 19:19:52,490][__main__][INFO] - Prompt: Two cars on the street.
[2023-05-13 19:19:52,490][__main__][INFO] - Phrases: car;car
[2023-05-13 19:19:52,490][__main__][INFO] - Conver Phrases to Object Positions
[2023-05-13 19:20:07,829][__main__][INFO] - Decode Image...
[2023-05-13 19:20:08,019][__main__][INFO] - Inference
[2023-05-13 19:20:08,019][__main__][INFO] - Prompt: Two cars on the street.
[2023-05-13 19:20:08,019][__main__][INFO] - Phrases: car;car
[2023-05-13 19:20:08,019][__main__][INFO] - Conver Phrases to Object Positions
[2023-05-13 19:20:23,384][__main__][INFO] - Decode Image...
[2023-05-13 19:20:23,574][__main__][INFO] - Inference
[2023-05-13 19:20:23,574][__main__][INFO] - Prompt: Two cars on the street.
[2023-05-13 19:20:23,574][__main__][INFO] - Phrases: car;car
[2023-05-13 19:20:23,574][__main__][INFO] - Conver Phrases to Object Positions
[2023-05-13 19:20:38,683][__main__][INFO] - Decode Image...
[2023-05-13 19:20:38,874][__main__][INFO] - Inference
[2023-05-13 19:20:38,874][__main__][INFO] - Prompt: Two cars on the street.
[2023-05-13 19:20:38,874][__main__][INFO] - Phrases: car;car
[2023-05-13 19:20:38,874][__main__][INFO] - Conver Phrases to Object Positions
[2023-05-13 19:20:54,354][__main__][INFO] - Decode Image...
[2023-05-13 19:20:54,546][__main__][INFO] - Inference
[2023-05-13 19:20:54,546][__main__][INFO] - Prompt: Two cars on the street.
[2023-05-13 19:20:54,546][__main__][INFO] - Phrases: car;car
[2023-05-13 19:20:54,546][__main__][INFO] - Conver Phrases to Object Positions
[2023-05-13 19:21:09,809][__main__][INFO] - Decode Image...
[2023-05-13 19:21:09,999][__main__][INFO] - Inference
[2023-05-13 19:21:09,999][__main__][INFO] - Prompt: Two cars on the street.
[2023-05-13 19:21:09,999][__main__][INFO] - Phrases: car;car
[2023-05-13 19:21:10,000][__main__][INFO] - Conver Phrases to Object Positions
[2023-05-13 19:21:25,317][__main__][INFO] - Decode Image...
[2023-05-13 19:21:25,508][__main__][INFO] - Inference
[2023-05-13 19:21:25,508][__main__][INFO] - Prompt: Two cars on the street.
[2023-05-13 19:21:25,508][__main__][INFO] - Phrases: car;car
[2023-05-13 19:21:25,508][__main__][INFO] - Conver Phrases to Object Positions
[2023-05-13 19:21:40,895][__main__][INFO] - Decode Image...
[2023-05-13 19:21:41,085][__main__][INFO] - Inference
[2023-05-13 19:21:41,085][__main__][INFO] - Prompt: Three cars on the street.
[2023-05-13 19:21:41,085][__main__][INFO] - Phrases: car;car;car
[2023-05-13 19:21:41,085][__main__][INFO] - Conver Phrases to Object Positions
[2023-05-13 19:21:58,438][__main__][INFO] - Decode Image...
[2023-05-13 19:21:58,600][__main__][INFO] - Inference
[2023-05-13 19:21:58,600][__main__][INFO] - Prompt: Three cars on the street.
[2023-05-13 19:21:58,600][__main__][INFO] - Phrases: car;car;car
[2023-05-13 19:21:58,600][__main__][INFO] - Conver Phrases to Object Positions
[2023-05-13 19:22:15,817][__main__][INFO] - Decode Image...
[2023-05-13 19:22:15,979][__main__][INFO] - Inference
[2023-05-13 19:22:15,979][__main__][INFO] - Prompt: Three cars on the street.
[2023-05-13 19:22:15,979][__main__][INFO] - Phrases: car;car;car
[2023-05-13 19:22:15,979][__main__][INFO] - Conver Phrases to Object Positions
[2023-05-13 19:22:33,244][__main__][INFO] - Decode Image...
[2023-05-13 19:22:33,405][__main__][INFO] - Inference
[2023-05-13 19:22:33,405][__main__][INFO] - Prompt: Three cars on the street.
[2023-05-13 19:22:33,405][__main__][INFO] - Phrases: car;car;car
[2023-05-13 19:22:33,405][__main__][INFO] - Conver Phrases to Object Positions
[2023-05-13 19:22:50,504][__main__][INFO] - Decode Image...
[2023-05-13 19:22:50,668][__main__][INFO] - Inference
[2023-05-13 19:22:50,668][__main__][INFO] - Prompt: Three cars on the street.
[2023-05-13 19:22:50,668][__main__][INFO] - Phrases: car;car;car
[2023-05-13 19:22:50,668][__main__][INFO] - Conver Phrases to Object Positions
[2023-05-13 19:23:07,946][__main__][INFO] - Decode Image...
[2023-05-13 19:23:08,106][__main__][INFO] - Inference
[2023-05-13 19:23:08,107][__main__][INFO] - Prompt: Three cars on the street.
[2023-05-13 19:23:08,107][__main__][INFO] - Phrases: car;car;car
[2023-05-13 19:23:08,107][__main__][INFO] - Conver Phrases to Object Positions
[2023-05-13 19:23:24,661][__main__][INFO] - Decode Image...
[2023-05-13 19:23:24,827][__main__][INFO] - Inference
[2023-05-13 19:23:24,827][__main__][INFO] - Prompt: Three cars on the street.
[2023-05-13 19:23:24,827][__main__][INFO] - Phrases: car;car;car
[2023-05-13 19:23:24,827][__main__][INFO] - Conver Phrases to Object Positions
[2023-05-13 19:23:42,174][__main__][INFO] - Decode Image...
[2023-05-13 19:23:42,334][__main__][INFO] - Inference
[2023-05-13 19:23:42,334][__main__][INFO] - Prompt: Three cars on the street.
[2023-05-13 19:23:42,334][__main__][INFO] - Phrases: car;car;car
[2023-05-13 19:23:42,334][__main__][INFO] - Conver Phrases to Object Positions
[2023-05-13 19:23:59,566][__main__][INFO] - Decode Image...
[2023-05-13 19:23:59,730][__main__][INFO] - Inference
[2023-05-13 19:23:59,730][__main__][INFO] - Prompt: Three cars on the street.
[2023-05-13 19:23:59,731][__main__][INFO] - Phrases: car;car;car
[2023-05-13 19:23:59,731][__main__][INFO] - Conver Phrases to Object Positions
[2023-05-13 19:24:17,733][__main__][INFO] - Decode Image...
[2023-05-13 19:24:17,892][__main__][INFO] - Inference
[2023-05-13 19:24:17,892][__main__][INFO] - Prompt: Three cars on the street.
[2023-05-13 19:24:17,893][__main__][INFO] - Phrases: car;car;car
[2023-05-13 19:24:17,893][__main__][INFO] - Conver Phrases to Object Positions
[2023-05-13 19:24:35,082][__main__][INFO] - Decode Image...
[2023-05-13 19:24:35,239][__main__][INFO] - Inference
[2023-05-13 19:24:35,239][__main__][INFO] - Prompt: Four cars on the street.
[2023-05-13 19:24:35,239][__main__][INFO] - Phrases: car;car;car;car
[2023-05-13 19:24:35,239][__main__][INFO] - Conver Phrases to Object Positions
[2023-05-13 19:24:49,530][__main__][INFO] - Decode Image...
[2023-05-13 19:24:49,719][__main__][INFO] - Inference
[2023-05-13 19:24:49,719][__main__][INFO] - Prompt: Four cars on the street.
[2023-05-13 19:24:49,720][__main__][INFO] - Phrases: car;car;car;car
[2023-05-13 19:24:49,720][__main__][INFO] - Conver Phrases to Object Positions
[2023-05-13 19:25:03,980][__main__][INFO] - Decode Image...
[2023-05-13 19:25:04,169][__main__][INFO] - Inference
[2023-05-13 19:25:04,169][__main__][INFO] - Prompt: Four cars on the street.
[2023-05-13 19:25:04,169][__main__][INFO] - Phrases: car;car;car;car
[2023-05-13 19:25:04,169][__main__][INFO] - Conver Phrases to Object Positions
[2023-05-13 19:25:18,355][__main__][INFO] - Decode Image...
[2023-05-13 19:25:18,543][__main__][INFO] - Inference
[2023-05-13 19:25:18,543][__main__][INFO] - Prompt: Four cars on the street.
[2023-05-13 19:25:18,544][__main__][INFO] - Phrases: car;car;car;car
[2023-05-13 19:25:18,544][__main__][INFO] - Conver Phrases to Object Positions
[2023-05-13 19:25:32,752][__main__][INFO] - Decode Image...
[2023-05-13 19:25:32,940][__main__][INFO] - Inference
[2023-05-13 19:25:32,940][__main__][INFO] - Prompt: Four cars on the street.
[2023-05-13 19:25:32,940][__main__][INFO] - Phrases: car;car;car;car
[2023-05-13 19:25:32,941][__main__][INFO] - Conver Phrases to Object Positions
[2023-05-13 19:25:47,176][__main__][INFO] - Decode Image...
[2023-05-13 19:25:47,365][__main__][INFO] - Inference
[2023-05-13 19:25:47,365][__main__][INFO] - Prompt: Four cars on the street.
[2023-05-13 19:25:47,365][__main__][INFO] - Phrases: car;car;car;car
[2023-05-13 19:25:47,365][__main__][INFO] - Conver Phrases to Object Positions
[2023-05-13 19:26:01,604][__main__][INFO] - Decode Image...
[2023-05-13 19:26:01,792][__main__][INFO] - Inference
[2023-05-13 19:26:01,792][__main__][INFO] - Prompt: Four cars on the street.
[2023-05-13 19:26:01,792][__main__][INFO] - Phrases: car;car;car;car
[2023-05-13 19:26:01,792][__main__][INFO] - Conver Phrases to Object Positions
[2023-05-13 19:26:15,997][__main__][INFO] - Decode Image...
[2023-05-13 19:26:16,186][__main__][INFO] - Inference
[2023-05-13 19:26:16,186][__main__][INFO] - Prompt: Four cars on the street.
[2023-05-13 19:26:16,186][__main__][INFO] - Phrases: car;car;car;car
[2023-05-13 19:26:16,186][__main__][INFO] - Conver Phrases to Object Positions
[2023-05-13 19:26:30,372][__main__][INFO] - Decode Image...
[2023-05-13 19:26:30,561][__main__][INFO] - Inference
[2023-05-13 19:26:30,561][__main__][INFO] - Prompt: Four cars on the street.
[2023-05-13 19:26:30,561][__main__][INFO] - Phrases: car;car;car;car
[2023-05-13 19:26:30,561][__main__][INFO] - Conver Phrases to Object Positions
[2023-05-13 19:26:44,789][__main__][INFO] - Decode Image...
[2023-05-13 19:26:44,976][__main__][INFO] - Inference
[2023-05-13 19:26:44,976][__main__][INFO] - Prompt: Four cars on the street.
[2023-05-13 19:26:44,976][__main__][INFO] - Phrases: car;car;car;car
[2023-05-13 19:26:44,977][__main__][INFO] - Conver Phrases to Object Positions
[2023-05-13 19:26:59,223][__main__][INFO] - Decode Image...
[2023-05-13 19:26:59,412][__main__][INFO] - Inference
[2023-05-13 19:26:59,412][__main__][INFO] - Prompt: Five cars on the street.
[2023-05-13 19:26:59,412][__main__][INFO] - Phrases: car;car;car;car;car
[2023-05-13 19:26:59,412][__main__][INFO] - Conver Phrases to Object Positions
[2023-05-13 19:27:26,613][__main__][INFO] - Decode Image...
[2023-05-13 19:27:26,769][__main__][INFO] - Inference
[2023-05-13 19:27:26,769][__main__][INFO] - Prompt: Five cars on the street.
[2023-05-13 19:27:26,769][__main__][INFO] - Phrases: car;car;car;car;car
[2023-05-13 19:27:26,769][__main__][INFO] - Conver Phrases to Object Positions
[2023-05-13 19:27:54,426][__main__][INFO] - Decode Image...
[2023-05-13 19:27:54,580][__main__][INFO] - Inference
[2023-05-13 19:27:54,580][__main__][INFO] - Prompt: Five cars on the street.
[2023-05-13 19:27:54,580][__main__][INFO] - Phrases: car;car;car;car;car
[2023-05-13 19:27:54,580][__main__][INFO] - Conver Phrases to Object Positions
[2023-05-13 19:28:22,307][__main__][INFO] - Decode Image...
[2023-05-13 19:28:22,462][__main__][INFO] - Inference
[2023-05-13 19:28:22,463][__main__][INFO] - Prompt: Five cars on the street.
[2023-05-13 19:28:22,463][__main__][INFO] - Phrases: car;car;car;car;car
[2023-05-13 19:28:22,463][__main__][INFO] - Conver Phrases to Object Positions
[2023-05-13 19:28:51,804][__main__][INFO] - Decode Image...
[2023-05-13 19:28:51,959][__main__][INFO] - Inference
[2023-05-13 19:28:51,959][__main__][INFO] - Prompt: Five cars on the street.
[2023-05-13 19:28:51,959][__main__][INFO] - Phrases: car;car;car;car;car
[2023-05-13 19:28:51,959][__main__][INFO] - Conver Phrases to Object Positions
[2023-05-13 19:29:19,591][__main__][INFO] - Decode Image...
[2023-05-13 19:29:19,747][__main__][INFO] - Inference
[2023-05-13 19:29:19,747][__main__][INFO] - Prompt: Five cars on the street.
[2023-05-13 19:29:19,747][__main__][INFO] - Phrases: car;car;car;car;car
[2023-05-13 19:29:19,747][__main__][INFO] - Conver Phrases to Object Positions
[2023-05-13 19:29:47,863][__main__][INFO] - Decode Image...
[2023-05-13 19:29:48,019][__main__][INFO] - Inference
[2023-05-13 19:29:48,019][__main__][INFO] - Prompt: Five cars on the street.
[2023-05-13 19:29:48,019][__main__][INFO] - Phrases: car;car;car;car;car
[2023-05-13 19:29:48,019][__main__][INFO] - Conver Phrases to Object Positions
[2023-05-13 19:30:16,156][__main__][INFO] - Decode Image...
[2023-05-13 19:30:16,311][__main__][INFO] - Inference
[2023-05-13 19:30:16,311][__main__][INFO] - Prompt: Five cars on the street.
[2023-05-13 19:30:16,311][__main__][INFO] - Phrases: car;car;car;car;car
[2023-05-13 19:30:16,311][__main__][INFO] - Conver Phrases to Object Positions
[2023-05-13 19:30:43,498][__main__][INFO] - Decode Image...
[2023-05-13 19:30:43,652][__main__][INFO] - Inference
[2023-05-13 19:30:43,652][__main__][INFO] - Prompt: Five cars on the street.
[2023-05-13 19:30:43,652][__main__][INFO] - Phrases: car;car;car;car;car
[2023-05-13 19:30:43,652][__main__][INFO] - Conver Phrases to Object Positions
[2023-05-13 19:31:14,319][__main__][INFO] - Decode Image...
[2023-05-13 19:31:14,476][__main__][INFO] - Inference
[2023-05-13 19:31:14,476][__main__][INFO] - Prompt: Five cars on the street.
[2023-05-13 19:31:14,476][__main__][INFO] - Phrases: car;car;car;car;car
[2023-05-13 19:31:14,476][__main__][INFO] - Conver Phrases to Object Positions
[2023-05-13 19:31:42,119][__main__][INFO] - Decode Image...
[2023-05-13 19:31:42,281][__main__][INFO] - Inference
[2023-05-13 19:31:42,281][__main__][INFO] - Prompt: One dog on the street.
[2023-05-13 19:31:42,281][__main__][INFO] - Phrases: dog;street
[2023-05-13 19:31:42,281][__main__][INFO] - Conver Phrases to Object Positions
[2023-05-13 19:32:08,601][__main__][INFO] - Decode Image...
[2023-05-13 19:32:08,753][__main__][INFO] - Inference
[2023-05-13 19:32:08,753][__main__][INFO] - Prompt: One dog on the street.
[2023-05-13 19:32:08,753][__main__][INFO] - Phrases: dog;street
[2023-05-13 19:32:08,753][__main__][INFO] - Conver Phrases to Object Positions
[2023-05-13 19:32:35,027][__main__][INFO] - Decode Image...
[2023-05-13 19:32:35,180][__main__][INFO] - Inference
[2023-05-13 19:32:35,181][__main__][INFO] - Prompt: One dog on the street.
[2023-05-13 19:32:35,181][__main__][INFO] - Phrases: dog;street
[2023-05-13 19:32:35,181][__main__][INFO] - Conver Phrases to Object Positions
[2023-05-13 19:33:02,181][__main__][INFO] - Decode Image...
[2023-05-13 19:33:02,333][__main__][INFO] - Inference
[2023-05-13 19:33:02,333][__main__][INFO] - Prompt: One dog on the street.
[2023-05-13 19:33:02,333][__main__][INFO] - Phrases: dog;street
[2023-05-13 19:33:02,333][__main__][INFO] - Conver Phrases to Object Positions
[2023-05-13 19:33:29,219][__main__][INFO] - Decode Image...
[2023-05-13 19:33:29,373][__main__][INFO] - Inference
[2023-05-13 19:33:29,373][__main__][INFO] - Prompt: One dog on the street.
[2023-05-13 19:33:29,373][__main__][INFO] - Phrases: dog;street
[2023-05-13 19:33:29,373][__main__][INFO] - Conver Phrases to Object Positions
[2023-05-13 19:33:55,461][__main__][INFO] - Decode Image...
[2023-05-13 19:33:55,613][__main__][INFO] - Inference
[2023-05-13 19:33:55,613][__main__][INFO] - Prompt: One dog on the street.
[2023-05-13 19:33:55,613][__main__][INFO] - Phrases: dog;street
[2023-05-13 19:33:55,613][__main__][INFO] - Conver Phrases to Object Positions
[2023-05-13 19:34:21,959][__main__][INFO] - Decode Image...
[2023-05-13 19:34:22,111][__main__][INFO] - Inference
[2023-05-13 19:34:22,111][__main__][INFO] - Prompt: One dog on the street.
[2023-05-13 19:34:22,111][__main__][INFO] - Phrases: dog;street
[2023-05-13 19:34:22,111][__main__][INFO] - Conver Phrases to Object Positions
[2023-05-13 19:34:47,696][__main__][INFO] - Decode Image...
[2023-05-13 19:34:47,849][__main__][INFO] - Inference
[2023-05-13 19:34:47,849][__main__][INFO] - Prompt: One dog on the street.
[2023-05-13 19:34:47,849][__main__][INFO] - Phrases: dog;street
[2023-05-13 19:34:47,849][__main__][INFO] - Conver Phrases to Object Positions
[2023-05-13 19:35:14,085][__main__][INFO] - Decode Image...
[2023-05-13 19:35:14,239][__main__][INFO] - Inference
[2023-05-13 19:35:14,239][__main__][INFO] - Prompt: One dog on the street.
[2023-05-13 19:35:14,239][__main__][INFO] - Phrases: dog;street
[2023-05-13 19:35:14,239][__main__][INFO] - Conver Phrases to Object Positions
[2023-05-13 19:35:41,255][__main__][INFO] - Decode Image...
[2023-05-13 19:35:41,419][__main__][INFO] - Inference
[2023-05-13 19:35:41,419][__main__][INFO] - Prompt: One dog on the street.
[2023-05-13 19:35:41,419][__main__][INFO] - Phrases: dog;street
[2023-05-13 19:35:41,419][__main__][INFO] - Conver Phrases to Object Positions
[2023-05-13 19:36:08,224][__main__][INFO] - Decode Image...
[2023-05-13 19:36:08,379][__main__][INFO] - Inference
[2023-05-13 19:36:08,379][__main__][INFO] - Prompt: Two dogs on the street.
[2023-05-13 19:36:08,379][__main__][INFO] - Phrases: dog;dog
[2023-05-13 19:36:08,379][__main__][INFO] - Conver Phrases to Object Positions
[2023-05-13 19:36:19,923][__main__][INFO] - Decode Image...
[2023-05-13 19:36:20,070][__main__][INFO] - Inference
[2023-05-13 19:36:20,070][__main__][INFO] - Prompt: Two dogs on the street.
[2023-05-13 19:36:20,070][__main__][INFO] - Phrases: dog;dog
[2023-05-13 19:36:20,070][__main__][INFO] - Conver Phrases to Object Positions
[2023-05-13 19:36:31,625][__main__][INFO] - Decode Image...
[2023-05-13 19:36:31,773][__main__][INFO] - Inference
[2023-05-13 19:36:31,773][__main__][INFO] - Prompt: Two dogs on the street.
[2023-05-13 19:36:31,773][__main__][INFO] - Phrases: dog;dog
[2023-05-13 19:36:31,773][__main__][INFO] - Conver Phrases to Object Positions
[2023-05-13 19:36:43,371][__main__][INFO] - Decode Image...
[2023-05-13 19:36:43,518][__main__][INFO] - Inference
[2023-05-13 19:36:43,519][__main__][INFO] - Prompt: Two dogs on the street.
[2023-05-13 19:36:43,519][__main__][INFO] - Phrases: dog;dog
[2023-05-13 19:36:43,519][__main__][INFO] - Conver Phrases to Object Positions
[2023-05-13 19:36:55,118][__main__][INFO] - Decode Image...
[2023-05-13 19:36:55,265][__main__][INFO] - Inference
[2023-05-13 19:36:55,265][__main__][INFO] - Prompt: Two dogs on the street.
[2023-05-13 19:36:55,265][__main__][INFO] - Phrases: dog;dog
[2023-05-13 19:36:55,265][__main__][INFO] - Conver Phrases to Object Positions
[2023-05-13 19:37:06,827][__main__][INFO] - Decode Image...
[2023-05-13 19:37:06,974][__main__][INFO] - Inference
[2023-05-13 19:37:06,974][__main__][INFO] - Prompt: Two dogs on the street.
[2023-05-13 19:37:06,974][__main__][INFO] - Phrases: dog;dog
[2023-05-13 19:37:06,974][__main__][INFO] - Conver Phrases to Object Positions
[2023-05-13 19:37:18,571][__main__][INFO] - Decode Image...
[2023-05-13 19:37:18,717][__main__][INFO] - Inference
[2023-05-13 19:37:18,717][__main__][INFO] - Prompt: Two dogs on the street.
[2023-05-13 19:37:18,717][__main__][INFO] - Phrases: dog;dog
[2023-05-13 19:37:18,718][__main__][INFO] - Conver Phrases to Object Positions
[2023-05-13 19:37:30,321][__main__][INFO] - Decode Image...
[2023-05-13 19:37:30,473][__main__][INFO] - Inference
[2023-05-13 19:37:30,473][__main__][INFO] - Prompt: Two dogs on the street.
[2023-05-13 19:37:30,473][__main__][INFO] - Phrases: dog;dog
[2023-05-13 19:37:30,473][__main__][INFO] - Conver Phrases to Object Positions
[2023-05-13 19:37:42,021][__main__][INFO] - Decode Image...
[2023-05-13 19:37:42,168][__main__][INFO] - Inference
[2023-05-13 19:37:42,168][__main__][INFO] - Prompt: Two dogs on the street.
[2023-05-13 19:37:42,168][__main__][INFO] - Phrases: dog;dog
[2023-05-13 19:37:42,168][__main__][INFO] - Conver Phrases to Object Positions
[2023-05-13 19:37:53,738][__main__][INFO] - Decode Image...
[2023-05-13 19:37:53,893][__main__][INFO] - Inference
[2023-05-13 19:37:53,894][__main__][INFO] - Prompt: Two dogs on the street.
[2023-05-13 19:37:53,894][__main__][INFO] - Phrases: dog;dog
[2023-05-13 19:37:53,894][__main__][INFO] - Conver Phrases to Object Positions
[2023-05-13 19:38:05,479][__main__][INFO] - Decode Image...
[2023-05-13 19:38:05,627][__main__][INFO] - Inference
[2023-05-13 19:38:05,627][__main__][INFO] - Prompt: Three dogs on the street.
[2023-05-13 19:38:05,627][__main__][INFO] - Phrases: dog;dog;dog
[2023-05-13 19:38:05,628][__main__][INFO] - Conver Phrases to Object Positions
[2023-05-13 19:38:16,584][__main__][INFO] - Decode Image...
[2023-05-13 19:38:16,761][__main__][INFO] - Inference
[2023-05-13 19:38:16,761][__main__][INFO] - Prompt: Three dogs on the street.
[2023-05-13 19:38:16,761][__main__][INFO] - Phrases: dog;dog;dog
[2023-05-13 19:38:16,761][__main__][INFO] - Conver Phrases to Object Positions
[2023-05-13 19:38:27,719][__main__][INFO] - Decode Image...
[2023-05-13 19:38:27,891][__main__][INFO] - Inference
[2023-05-13 19:38:27,891][__main__][INFO] - Prompt: Three dogs on the street.
[2023-05-13 19:38:27,891][__main__][INFO] - Phrases: dog;dog;dog
[2023-05-13 19:38:27,891][__main__][INFO] - Conver Phrases to Object Positions
[2023-05-13 19:38:38,763][__main__][INFO] - Decode Image...
[2023-05-13 19:38:38,936][__main__][INFO] - Inference
[2023-05-13 19:38:38,936][__main__][INFO] - Prompt: Three dogs on the street.
[2023-05-13 19:38:38,936][__main__][INFO] - Phrases: dog;dog;dog
[2023-05-13 19:38:38,936][__main__][INFO] - Conver Phrases to Object Positions
[2023-05-13 19:38:49,882][__main__][INFO] - Decode Image...
[2023-05-13 19:38:50,053][__main__][INFO] - Inference
[2023-05-13 19:38:50,054][__main__][INFO] - Prompt: Three dogs on the street.
[2023-05-13 19:38:50,054][__main__][INFO] - Phrases: dog;dog;dog
[2023-05-13 19:38:50,054][__main__][INFO] - Conver Phrases to Object Positions
[2023-05-13 19:39:00,927][__main__][INFO] - Decode Image...
[2023-05-13 19:39:01,098][__main__][INFO] - Inference
[2023-05-13 19:39:01,098][__main__][INFO] - Prompt: Three dogs on the street.
[2023-05-13 19:39:01,099][__main__][INFO] - Phrases: dog;dog;dog
[2023-05-13 19:39:01,099][__main__][INFO] - Conver Phrases to Object Positions
[2023-05-13 19:39:12,057][__main__][INFO] - Decode Image...
[2023-05-13 19:39:12,228][__main__][INFO] - Inference
[2023-05-13 19:39:12,228][__main__][INFO] - Prompt: Three dogs on the street.
[2023-05-13 19:39:12,228][__main__][INFO] - Phrases: dog;dog;dog
[2023-05-13 19:39:12,228][__main__][INFO] - Conver Phrases to Object Positions
[2023-05-13 19:39:23,105][__main__][INFO] - Decode Image...
[2023-05-13 19:39:23,277][__main__][INFO] - Inference
[2023-05-13 19:39:23,277][__main__][INFO] - Prompt: Three dogs on the street.
[2023-05-13 19:39:23,277][__main__][INFO] - Phrases: dog;dog;dog
[2023-05-13 19:39:23,277][__main__][INFO] - Conver Phrases to Object Positions
[2023-05-13 19:39:34,228][__main__][INFO] - Decode Image...
[2023-05-13 19:39:34,399][__main__][INFO] - Inference
[2023-05-13 19:39:34,399][__main__][INFO] - Prompt: Three dogs on the street.
[2023-05-13 19:39:34,399][__main__][INFO] - Phrases: dog;dog;dog
[2023-05-13 19:39:34,399][__main__][INFO] - Conver Phrases to Object Positions
[2023-05-13 19:39:45,276][__main__][INFO] - Decode Image...
[2023-05-13 19:39:45,447][__main__][INFO] - Inference
[2023-05-13 19:39:45,447][__main__][INFO] - Prompt: Three dogs on the street.
[2023-05-13 19:39:45,447][__main__][INFO] - Phrases: dog;dog;dog
[2023-05-13 19:39:45,447][__main__][INFO] - Conver Phrases to Object Positions
[2023-05-13 19:39:56,394][__main__][INFO] - Decode Image...
[2023-05-13 19:39:56,565][__main__][INFO] - Inference
[2023-05-13 19:39:56,565][__main__][INFO] - Prompt: Four dogs on the street.
[2023-05-13 19:39:56,565][__main__][INFO] - Phrases: dog;dog;dog;dog
[2023-05-13 19:39:56,565][__main__][INFO] - Conver Phrases to Object Positions
[2023-05-13 19:40:12,851][__main__][INFO] - Decode Image...
[2023-05-13 19:40:13,034][__main__][INFO] - Inference
[2023-05-13 19:40:13,034][__main__][INFO] - Prompt: Four dogs on the street.
[2023-05-13 19:40:13,034][__main__][INFO] - Phrases: dog;dog;dog;dog
[2023-05-13 19:40:13,035][__main__][INFO] - Conver Phrases to Object Positions
[2023-05-13 19:40:29,305][__main__][INFO] - Decode Image...
[2023-05-13 19:40:29,491][__main__][INFO] - Inference
[2023-05-13 19:40:29,491][__main__][INFO] - Prompt: Four dogs on the street.
[2023-05-13 19:40:29,492][__main__][INFO] - Phrases: dog;dog;dog;dog
[2023-05-13 19:40:29,492][__main__][INFO] - Conver Phrases to Object Positions
[2023-05-13 19:40:45,773][__main__][INFO] - Decode Image...
[2023-05-13 19:40:45,955][__main__][INFO] - Inference
[2023-05-13 19:40:45,955][__main__][INFO] - Prompt: Four dogs on the street.
[2023-05-13 19:40:45,955][__main__][INFO] - Phrases: dog;dog;dog;dog
[2023-05-13 19:40:45,955][__main__][INFO] - Conver Phrases to Object Positions
[2023-05-13 19:41:02,216][__main__][INFO] - Decode Image...
[2023-05-13 19:41:02,398][__main__][INFO] - Inference
[2023-05-13 19:41:02,398][__main__][INFO] - Prompt: Four dogs on the street.
[2023-05-13 19:41:02,398][__main__][INFO] - Phrases: dog;dog;dog;dog
[2023-05-13 19:41:02,398][__main__][INFO] - Conver Phrases to Object Positions
[2023-05-13 19:41:18,664][__main__][INFO] - Decode Image...
[2023-05-13 19:41:18,847][__main__][INFO] - Inference
[2023-05-13 19:41:18,847][__main__][INFO] - Prompt: Four dogs on the street.
[2023-05-13 19:41:18,847][__main__][INFO] - Phrases: dog;dog;dog;dog
[2023-05-13 19:41:18,847][__main__][INFO] - Conver Phrases to Object Positions
[2023-05-13 19:41:35,202][__main__][INFO] - Decode Image...
[2023-05-13 19:41:35,383][__main__][INFO] - Inference
[2023-05-13 19:41:35,383][__main__][INFO] - Prompt: Four dogs on the street.
[2023-05-13 19:41:35,383][__main__][INFO] - Phrases: dog;dog;dog;dog
[2023-05-13 19:41:35,383][__main__][INFO] - Conver Phrases to Object Positions
[2023-05-13 19:41:51,675][__main__][INFO] - Decode Image...
[2023-05-13 19:41:51,857][__main__][INFO] - Inference
[2023-05-13 19:41:51,857][__main__][INFO] - Prompt: Four dogs on the street.
[2023-05-13 19:41:51,857][__main__][INFO] - Phrases: dog;dog;dog;dog
[2023-05-13 19:41:51,857][__main__][INFO] - Conver Phrases to Object Positions
[2023-05-13 19:42:08,105][__main__][INFO] - Decode Image...
[2023-05-13 19:42:08,289][__main__][INFO] - Inference
[2023-05-13 19:42:08,289][__main__][INFO] - Prompt: Four dogs on the street.
[2023-05-13 19:42:08,289][__main__][INFO] - Phrases: dog;dog;dog;dog
[2023-05-13 19:42:08,289][__main__][INFO] - Conver Phrases to Object Positions
[2023-05-13 19:42:24,571][__main__][INFO] - Decode Image...
[2023-05-13 19:42:24,753][__main__][INFO] - Inference
[2023-05-13 19:42:24,754][__main__][INFO] - Prompt: Four dogs on the street.
[2023-05-13 19:42:24,754][__main__][INFO] - Phrases: dog;dog;dog;dog
[2023-05-13 19:42:24,754][__main__][INFO] - Conver Phrases to Object Positions
[2023-05-13 19:42:41,116][__main__][INFO] - Decode Image...
[2023-05-13 19:42:41,298][__main__][INFO] - Inference
[2023-05-13 19:42:41,298][__main__][INFO] - Prompt: Five dogs on the street.
[2023-05-13 19:42:41,298][__main__][INFO] - Phrases: dog;dog;dog;dog;dog
[2023-05-13 19:42:41,298][__main__][INFO] - Conver Phrases to Object Positions
[2023-05-13 19:42:53,321][__main__][INFO] - Decode Image...
[2023-05-13 19:42:53,478][__main__][INFO] - Inference
[2023-05-13 19:42:53,478][__main__][INFO] - Prompt: Five dogs on the street.
[2023-05-13 19:42:53,478][__main__][INFO] - Phrases: dog;dog;dog;dog;dog
[2023-05-13 19:42:53,478][__main__][INFO] - Conver Phrases to Object Positions
[2023-05-13 19:43:05,442][__main__][INFO] - Decode Image...
[2023-05-13 19:43:05,598][__main__][INFO] - Inference
[2023-05-13 19:43:05,598][__main__][INFO] - Prompt: Five dogs on the street.
[2023-05-13 19:43:05,599][__main__][INFO] - Phrases: dog;dog;dog;dog;dog
[2023-05-13 19:43:05,599][__main__][INFO] - Conver Phrases to Object Positions
[2023-05-13 19:43:17,559][__main__][INFO] - Decode Image...
[2023-05-13 19:43:17,713][__main__][INFO] - Inference
[2023-05-13 19:43:17,713][__main__][INFO] - Prompt: Five dogs on the street.
[2023-05-13 19:43:17,714][__main__][INFO] - Phrases: dog;dog;dog;dog;dog
[2023-05-13 19:43:17,714][__main__][INFO] - Conver Phrases to Object Positions
[2023-05-13 19:43:29,634][__main__][INFO] - Decode Image...
[2023-05-13 19:43:29,788][__main__][INFO] - Inference
[2023-05-13 19:43:29,789][__main__][INFO] - Prompt: Five dogs on the street.
[2023-05-13 19:43:29,789][__main__][INFO] - Phrases: dog;dog;dog;dog;dog
[2023-05-13 19:43:29,789][__main__][INFO] - Conver Phrases to Object Positions
[2023-05-13 19:43:41,805][__main__][INFO] - Decode Image...
[2023-05-13 19:43:41,959][__main__][INFO] - Inference
[2023-05-13 19:43:41,959][__main__][INFO] - Prompt: Five dogs on the street.
[2023-05-13 19:43:41,959][__main__][INFO] - Phrases: dog;dog;dog;dog;dog
[2023-05-13 19:43:41,960][__main__][INFO] - Conver Phrases to Object Positions
[2023-05-13 19:43:53,943][__main__][INFO] - Decode Image...
[2023-05-13 19:43:54,106][__main__][INFO] - Inference
[2023-05-13 19:43:54,107][__main__][INFO] - Prompt: Five dogs on the street.
[2023-05-13 19:43:54,107][__main__][INFO] - Phrases: dog;dog;dog;dog;dog
[2023-05-13 19:43:54,107][__main__][INFO] - Conver Phrases to Object Positions
[2023-05-13 19:44:06,083][__main__][INFO] - Decode Image...
[2023-05-13 19:44:06,239][__main__][INFO] - Inference
[2023-05-13 19:44:06,239][__main__][INFO] - Prompt: Five dogs on the street.
[2023-05-13 19:44:06,239][__main__][INFO] - Phrases: dog;dog;dog;dog;dog
[2023-05-13 19:44:06,239][__main__][INFO] - Conver Phrases to Object Positions
[2023-05-13 19:44:18,167][__main__][INFO] - Decode Image...
[2023-05-13 19:44:18,323][__main__][INFO] - Inference
[2023-05-13 19:44:18,323][__main__][INFO] - Prompt: Five dogs on the street.
[2023-05-13 19:44:18,323][__main__][INFO] - Phrases: dog;dog;dog;dog;dog
[2023-05-13 19:44:18,323][__main__][INFO] - Conver Phrases to Object Positions
[2023-05-13 19:44:30,325][__main__][INFO] - Decode Image...
[2023-05-13 19:44:30,480][__main__][INFO] - Inference
[2023-05-13 19:44:30,480][__main__][INFO] - Prompt: Five dogs on the street.
[2023-05-13 19:44:30,480][__main__][INFO] - Phrases: dog;dog;dog;dog;dog
[2023-05-13 19:44:30,480][__main__][INFO] - Conver Phrases to Object Positions
[2023-05-13 19:44:42,461][__main__][INFO] - Decode Image...
[2023-05-13 19:44:42,617][__main__][INFO] - Inference
[2023-05-13 19:44:42,617][__main__][INFO] - Prompt: One cat and one dog sitting on the grass.
[2023-05-13 19:44:42,617][__main__][INFO] - Phrases: cat;dog
[2023-05-13 19:44:42,617][__main__][INFO] - Conver Phrases to Object Positions
[2023-05-13 19:45:36,957][__main__][INFO] - Decode Image...
[2023-05-13 19:45:37,149][__main__][INFO] - Inference
[2023-05-13 19:45:37,150][__main__][INFO] - Prompt: One cat and one dog sitting on the grass.
[2023-05-13 19:45:37,150][__main__][INFO] - Phrases: cat;dog
[2023-05-13 19:45:37,150][__main__][INFO] - Conver Phrases to Object Positions
[2023-05-13 19:46:31,428][__main__][INFO] - Decode Image...
[2023-05-13 19:46:31,619][__main__][INFO] - Inference
[2023-05-13 19:46:31,619][__main__][INFO] - Prompt: One cat and one dog sitting on the grass.
[2023-05-13 19:46:31,619][__main__][INFO] - Phrases: cat;dog
[2023-05-13 19:46:31,619][__main__][INFO] - Conver Phrases to Object Positions
[2023-05-13 19:47:25,924][__main__][INFO] - Decode Image...
[2023-05-13 19:47:26,114][__main__][INFO] - Inference
[2023-05-13 19:47:26,114][__main__][INFO] - Prompt: One cat and one dog sitting on the grass.
[2023-05-13 19:47:26,114][__main__][INFO] - Phrases: cat;dog
[2023-05-13 19:47:26,115][__main__][INFO] - Conver Phrases to Object Positions
[2023-05-13 19:48:20,345][__main__][INFO] - Decode Image...
[2023-05-13 19:48:20,540][__main__][INFO] - Inference
[2023-05-13 19:48:20,541][__main__][INFO] - Prompt: One cat and one dog sitting on the grass.
[2023-05-13 19:48:20,541][__main__][INFO] - Phrases: cat;dog
[2023-05-13 19:48:20,541][__main__][INFO] - Conver Phrases to Object Positions
[2023-05-13 19:49:14,835][__main__][INFO] - Decode Image...
[2023-05-13 19:49:15,027][__main__][INFO] - Inference
[2023-05-13 19:49:15,027][__main__][INFO] - Prompt: One cat and one dog sitting on the grass.
[2023-05-13 19:49:15,027][__main__][INFO] - Phrases: cat;dog
[2023-05-13 19:49:15,027][__main__][INFO] - Conver Phrases to Object Positions
[2023-05-13 19:50:09,314][__main__][INFO] - Decode Image...
[2023-05-13 19:50:09,507][__main__][INFO] - Inference
[2023-05-13 19:50:09,507][__main__][INFO] - Prompt: One cat and one dog sitting on the grass.
[2023-05-13 19:50:09,507][__main__][INFO] - Phrases: cat;dog
[2023-05-13 19:50:09,507][__main__][INFO] - Conver Phrases to Object Positions
[2023-05-13 19:51:03,773][__main__][INFO] - Decode Image...
[2023-05-13 19:51:03,965][__main__][INFO] - Inference
[2023-05-13 19:51:03,966][__main__][INFO] - Prompt: One cat and one dog sitting on the grass.
[2023-05-13 19:51:03,966][__main__][INFO] - Phrases: cat;dog
[2023-05-13 19:51:03,966][__main__][INFO] - Conver Phrases to Object Positions
[2023-05-13 19:51:58,283][__main__][INFO] - Decode Image...
[2023-05-13 19:51:58,473][__main__][INFO] - Inference
[2023-05-13 19:51:58,473][__main__][INFO] - Prompt: One cat and one dog sitting on the grass.
[2023-05-13 19:51:58,473][__main__][INFO] - Phrases: cat;dog
[2023-05-13 19:51:58,473][__main__][INFO] - Conver Phrases to Object Positions
[2023-05-13 19:52:52,758][__main__][INFO] - Decode Image...
[2023-05-13 19:52:52,950][__main__][INFO] - Inference
[2023-05-13 19:52:52,950][__main__][INFO] - Prompt: One cat and one dog sitting on the grass.
[2023-05-13 19:52:52,950][__main__][INFO] - Phrases: cat;dog
[2023-05-13 19:52:52,950][__main__][INFO] - Conver Phrases to Object Positions
[2023-05-13 19:53:47,232][__main__][INFO] - Decode Image...
[2023-05-13 19:53:47,423][__main__][INFO] - Inference
[2023-05-13 19:53:47,423][__main__][INFO] - Prompt: One cat and two dogs sitting on the grass.
[2023-05-13 19:53:47,423][__main__][INFO] - Phrases: cat;dog;dog
[2023-05-13 19:53:47,423][__main__][INFO] - Conver Phrases to Object Positions
[2023-05-13 19:54:41,748][__main__][INFO] - Decode Image...
[2023-05-13 19:54:41,926][__main__][INFO] - Inference
[2023-05-13 19:54:41,926][__main__][INFO] - Prompt: One cat and two dogs sitting on the grass.
[2023-05-13 19:54:41,926][__main__][INFO] - Phrases: cat;dog;dog
[2023-05-13 19:54:41,926][__main__][INFO] - Conver Phrases to Object Positions
[2023-05-13 19:55:23,454][__main__][INFO] - Decode Image...
[2023-05-13 19:55:23,630][__main__][INFO] - Inference
[2023-05-13 19:55:23,630][__main__][INFO] - Prompt: One cat and two dogs sitting on the grass.
[2023-05-13 19:55:23,630][__main__][INFO] - Phrases: cat;dog;dog
[2023-05-13 19:55:23,630][__main__][INFO] - Conver Phrases to Object Positions
[2023-05-13 19:56:07,035][__main__][INFO] - Decode Image...
[2023-05-13 19:56:07,211][__main__][INFO] - Inference
[2023-05-13 19:56:07,211][__main__][INFO] - Prompt: One cat and two dogs sitting on the grass.
[2023-05-13 19:56:07,211][__main__][INFO] - Phrases: cat;dog;dog
[2023-05-13 19:56:07,211][__main__][INFO] - Conver Phrases to Object Positions
[2023-05-13 19:57:01,608][__main__][INFO] - Decode Image...
[2023-05-13 19:57:01,784][__main__][INFO] - Inference
[2023-05-13 19:57:01,784][__main__][INFO] - Prompt: One cat and two dogs sitting on the grass.
[2023-05-13 19:57:01,784][__main__][INFO] - Phrases: cat;dog;dog
[2023-05-13 19:57:01,784][__main__][INFO] - Conver Phrases to Object Positions
[2023-05-13 19:57:43,488][__main__][INFO] - Decode Image...
[2023-05-13 19:57:43,663][__main__][INFO] - Inference
[2023-05-13 19:57:43,663][__main__][INFO] - Prompt: One cat and two dogs sitting on the grass.
[2023-05-13 19:57:43,663][__main__][INFO] - Phrases: cat;dog;dog
[2023-05-13 19:57:43,664][__main__][INFO] - Conver Phrases to Object Positions
