[2023-05-14 01:06:50,428][__main__][INFO] - {'general': {'save_path': './draw_bench/spatial', 'model_path': 'runwayml/stable-diffusion-v1-5', 'unet_config': './conf/unet/config.json'}, 'inference': {'loss_scale': 30, 'batch_size': 1, 'loss_threshold': 0.2, 'max_iter': 5, 'max_index_step': 10, 'timesteps': 51, 'classifier_free_guidance': 7.5, 'rand_seed': 100}, 'noise_schedule': {'beta_start': 0.00085, 'beta_end': 0.012, 'beta_schedule': 'scaled_linear', 'num_train_timesteps': 1000}}
[2023-05-14 01:06:50,429][__main__][INFO] - save config to ./draw_bench/spatial/config.yaml
[2023-05-14 01:06:50,434][__main__][INFO] - Inference
[2023-05-14 01:06:50,435][__main__][INFO] - Prompt: A train on top of a surfboard.
[2023-05-14 01:06:50,435][__main__][INFO] - Phrases: train;surfboard
[2023-05-14 01:06:50,435][__main__][INFO] - Conver Phrases to Object Positions
[2023-05-14 01:07:08,051][__main__][INFO] - Decode Image...
[2023-05-14 01:07:08,262][__main__][INFO] - Inference
[2023-05-14 01:07:08,263][__main__][INFO] - Prompt: A train on top of a surfboard.
[2023-05-14 01:07:08,263][__main__][INFO] - Phrases: train;surfboard
[2023-05-14 01:07:08,263][__main__][INFO] - Conver Phrases to Object Positions
[2023-05-14 01:07:24,704][__main__][INFO] - Decode Image...
[2023-05-14 01:07:24,898][__main__][INFO] - Inference
[2023-05-14 01:07:24,898][__main__][INFO] - Prompt: A train on top of a surfboard.
[2023-05-14 01:07:24,898][__main__][INFO] - Phrases: train;surfboard
[2023-05-14 01:07:24,898][__main__][INFO] - Conver Phrases to Object Positions
[2023-05-14 01:07:40,580][__main__][INFO] - Decode Image...
[2023-05-14 01:07:40,765][__main__][INFO] - Inference
[2023-05-14 01:07:40,765][__main__][INFO] - Prompt: A train on top of a surfboard.
[2023-05-14 01:07:40,765][__main__][INFO] - Phrases: train;surfboard
[2023-05-14 01:07:40,765][__main__][INFO] - Conver Phrases to Object Positions
[2023-05-14 01:07:56,538][__main__][INFO] - Decode Image...
[2023-05-14 01:07:56,723][__main__][INFO] - Inference
[2023-05-14 01:07:56,724][__main__][INFO] - Prompt: A train on top of a surfboard.
[2023-05-14 01:07:56,724][__main__][INFO] - Phrases: train;surfboard
[2023-05-14 01:07:56,724][__main__][INFO] - Conver Phrases to Object Positions
[2023-05-14 01:08:11,472][__main__][INFO] - Decode Image...
[2023-05-14 01:08:11,674][__main__][INFO] - Inference
[2023-05-14 01:08:11,674][__main__][INFO] - Prompt: A train on top of a surfboard.
[2023-05-14 01:08:11,674][__main__][INFO] - Phrases: train;surfboard
[2023-05-14 01:08:11,674][__main__][INFO] - Conver Phrases to Object Positions
[2023-05-14 01:08:27,180][__main__][INFO] - Decode Image...
[2023-05-14 01:08:27,367][__main__][INFO] - Inference
[2023-05-14 01:08:27,367][__main__][INFO] - Prompt: A train on top of a surfboard.
[2023-05-14 01:08:27,367][__main__][INFO] - Phrases: train;surfboard
[2023-05-14 01:08:27,367][__main__][INFO] - Conver Phrases to Object Positions
[2023-05-14 01:08:41,369][__main__][INFO] - Decode Image...
[2023-05-14 01:08:41,558][__main__][INFO] - Inference
[2023-05-14 01:08:41,558][__main__][INFO] - Prompt: A train on top of a surfboard.
[2023-05-14 01:08:41,558][__main__][INFO] - Phrases: train;surfboard
[2023-05-14 01:08:41,558][__main__][INFO] - Conver Phrases to Object Positions
[2023-05-14 01:08:59,844][__main__][INFO] - Decode Image...
[2023-05-14 01:09:00,010][__main__][INFO] - Inference
[2023-05-14 01:09:00,010][__main__][INFO] - Prompt: A train on top of a surfboard.
[2023-05-14 01:09:00,010][__main__][INFO] - Phrases: train;surfboard
[2023-05-14 01:09:00,010][__main__][INFO] - Conver Phrases to Object Positions
[2023-05-14 01:09:19,540][__main__][INFO] - Decode Image...
[2023-05-14 01:09:19,723][__main__][INFO] - Inference
[2023-05-14 01:09:19,723][__main__][INFO] - Prompt: A train on top of a surfboard.
[2023-05-14 01:09:19,723][__main__][INFO] - Phrases: train;surfboard
[2023-05-14 01:09:19,723][__main__][INFO] - Conver Phrases to Object Positions
[2023-05-14 01:09:33,571][__main__][INFO] - Decode Image...
[2023-05-14 01:09:33,752][__main__][INFO] - Inference
[2023-05-14 01:09:33,752][__main__][INFO] - Prompt: A wine glass on top of a dog.
[2023-05-14 01:09:33,752][__main__][INFO] - Phrases: wine;glass;dog
[2023-05-14 01:09:33,752][__main__][INFO] - Conver Phrases to Object Positions
[2023-05-14 01:10:20,868][__main__][INFO] - Decode Image...
[2023-05-14 01:10:21,041][__main__][INFO] - Inference
[2023-05-14 01:10:21,041][__main__][INFO] - Prompt: A wine glass on top of a dog.
[2023-05-14 01:10:21,041][__main__][INFO] - Phrases: wine;glass;dog
[2023-05-14 01:10:21,041][__main__][INFO] - Conver Phrases to Object Positions
[2023-05-14 01:10:58,186][__main__][INFO] - Decode Image...
[2023-05-14 01:10:58,358][__main__][INFO] - Inference
[2023-05-14 01:10:58,359][__main__][INFO] - Prompt: A wine glass on top of a dog.
[2023-05-14 01:10:58,359][__main__][INFO] - Phrases: wine;glass;dog
[2023-05-14 01:10:58,359][__main__][INFO] - Conver Phrases to Object Positions
[2023-05-14 01:11:56,737][__main__][INFO] - Decode Image...
[2023-05-14 01:11:56,937][__main__][INFO] - Inference
[2023-05-14 01:11:56,937][__main__][INFO] - Prompt: A wine glass on top of a dog.
[2023-05-14 01:11:56,937][__main__][INFO] - Phrases: wine;glass;dog
[2023-05-14 01:11:56,938][__main__][INFO] - Conver Phrases to Object Positions
[2023-05-14 01:12:31,220][__main__][INFO] - Decode Image...
[2023-05-14 01:12:31,421][__main__][INFO] - Inference
[2023-05-14 01:12:31,421][__main__][INFO] - Prompt: A wine glass on top of a dog.
[2023-05-14 01:12:31,421][__main__][INFO] - Phrases: wine;glass;dog
[2023-05-14 01:12:31,421][__main__][INFO] - Conver Phrases to Object Positions
[2023-05-14 01:13:07,538][__main__][INFO] - Decode Image...
[2023-05-14 01:13:07,760][__main__][INFO] - Inference
[2023-05-14 01:13:07,761][__main__][INFO] - Prompt: A wine glass on top of a dog.
[2023-05-14 01:13:07,761][__main__][INFO] - Phrases: wine;glass;dog
[2023-05-14 01:13:07,761][__main__][INFO] - Conver Phrases to Object Positions
[2023-05-14 01:13:43,960][__main__][INFO] - Decode Image...
[2023-05-14 01:13:44,155][__main__][INFO] - Inference
[2023-05-14 01:13:44,155][__main__][INFO] - Prompt: A wine glass on top of a dog.
[2023-05-14 01:13:44,155][__main__][INFO] - Phrases: wine;glass;dog
[2023-05-14 01:13:44,155][__main__][INFO] - Conver Phrases to Object Positions
[2023-05-14 01:14:05,244][__main__][INFO] - Decode Image...
[2023-05-14 01:14:05,455][__main__][INFO] - Inference
[2023-05-14 01:14:05,455][__main__][INFO] - Prompt: A wine glass on top of a dog.
[2023-05-14 01:14:05,455][__main__][INFO] - Phrases: wine;glass;dog
[2023-05-14 01:14:05,455][__main__][INFO] - Conver Phrases to Object Positions
[2023-05-14 01:14:35,912][__main__][INFO] - Decode Image...
[2023-05-14 01:14:36,142][__main__][INFO] - Inference
[2023-05-14 01:14:36,142][__main__][INFO] - Prompt: A wine glass on top of a dog.
[2023-05-14 01:14:36,142][__main__][INFO] - Phrases: wine;glass;dog
[2023-05-14 01:14:36,142][__main__][INFO] - Conver Phrases to Object Positions
[2023-05-14 01:15:06,646][__main__][INFO] - Decode Image...
[2023-05-14 01:15:06,837][__main__][INFO] - Inference
[2023-05-14 01:15:06,837][__main__][INFO] - Prompt: A wine glass on top of a dog.
[2023-05-14 01:15:06,837][__main__][INFO] - Phrases: wine;glass;dog
[2023-05-14 01:15:06,837][__main__][INFO] - Conver Phrases to Object Positions
[2023-05-14 01:15:46,372][__main__][INFO] - Decode Image...
[2023-05-14 01:15:46,549][__main__][INFO] - Inference
[2023-05-14 01:15:46,549][__main__][INFO] - Prompt: An umbrella on top of a spoon.
[2023-05-14 01:15:46,550][__main__][INFO] - Phrases: umbrella;spoon
[2023-05-14 01:15:46,550][__main__][INFO] - Conver Phrases to Object Positions
[2023-05-14 01:16:41,634][__main__][INFO] - Decode Image...
[2023-05-14 01:16:41,859][__main__][INFO] - Inference
[2023-05-14 01:16:41,860][__main__][INFO] - Prompt: An umbrella on top of a spoon.
[2023-05-14 01:16:41,860][__main__][INFO] - Phrases: umbrella;spoon
[2023-05-14 01:16:41,860][__main__][INFO] - Conver Phrases to Object Positions
[2023-05-14 01:17:36,888][__main__][INFO] - Decode Image...
[2023-05-14 01:17:37,051][__main__][INFO] - Inference
[2023-05-14 01:17:37,051][__main__][INFO] - Prompt: An umbrella on top of a spoon.
[2023-05-14 01:17:37,051][__main__][INFO] - Phrases: umbrella;spoon
[2023-05-14 01:17:37,051][__main__][INFO] - Conver Phrases to Object Positions
[2023-05-14 01:18:32,244][__main__][INFO] - Decode Image...
[2023-05-14 01:18:32,410][__main__][INFO] - Inference
[2023-05-14 01:18:32,411][__main__][INFO] - Prompt: An umbrella on top of a spoon.
[2023-05-14 01:18:32,411][__main__][INFO] - Phrases: umbrella;spoon
[2023-05-14 01:18:32,411][__main__][INFO] - Conver Phrases to Object Positions
[2023-05-14 01:19:27,495][__main__][INFO] - Decode Image...
[2023-05-14 01:19:27,679][__main__][INFO] - Inference
[2023-05-14 01:19:27,679][__main__][INFO] - Prompt: An umbrella on top of a spoon.
[2023-05-14 01:19:27,679][__main__][INFO] - Phrases: umbrella;spoon
[2023-05-14 01:19:27,679][__main__][INFO] - Conver Phrases to Object Positions
[2023-05-14 01:20:29,528][__main__][INFO] - Decode Image...
[2023-05-14 01:20:29,693][__main__][INFO] - Inference
[2023-05-14 01:20:29,693][__main__][INFO] - Prompt: An umbrella on top of a spoon.
[2023-05-14 01:20:29,693][__main__][INFO] - Phrases: umbrella;spoon
[2023-05-14 01:20:29,693][__main__][INFO] - Conver Phrases to Object Positions
[2023-05-14 01:21:24,655][__main__][INFO] - Decode Image...
[2023-05-14 01:21:24,816][__main__][INFO] - Inference
[2023-05-14 01:21:24,816][__main__][INFO] - Prompt: An umbrella on top of a spoon.
[2023-05-14 01:21:24,816][__main__][INFO] - Phrases: umbrella;spoon
[2023-05-14 01:21:24,816][__main__][INFO] - Conver Phrases to Object Positions
[2023-05-14 01:22:11,720][__main__][INFO] - Decode Image...
[2023-05-14 01:22:11,913][__main__][INFO] - Inference
[2023-05-14 01:22:11,913][__main__][INFO] - Prompt: An umbrella on top of a spoon.
[2023-05-14 01:22:11,913][__main__][INFO] - Phrases: umbrella;spoon
[2023-05-14 01:22:11,913][__main__][INFO] - Conver Phrases to Object Positions
[2023-05-14 01:23:06,925][__main__][INFO] - Decode Image...
[2023-05-14 01:23:07,088][__main__][INFO] - Inference
[2023-05-14 01:23:07,089][__main__][INFO] - Prompt: An umbrella on top of a spoon.
[2023-05-14 01:23:07,089][__main__][INFO] - Phrases: umbrella;spoon
[2023-05-14 01:23:07,089][__main__][INFO] - Conver Phrases to Object Positions
[2023-05-14 01:24:02,151][__main__][INFO] - Decode Image...
[2023-05-14 01:24:02,345][__main__][INFO] - Inference
[2023-05-14 01:24:02,345][__main__][INFO] - Prompt: An umbrella on top of a spoon.
[2023-05-14 01:24:02,345][__main__][INFO] - Phrases: umbrella;spoon
[2023-05-14 01:24:02,345][__main__][INFO] - Conver Phrases to Object Positions
[2023-05-14 01:24:57,380][__main__][INFO] - Decode Image...
[2023-05-14 01:24:57,560][__main__][INFO] - Inference
[2023-05-14 01:24:57,560][__main__][INFO] - Prompt: A laptop on top of a teddy bear.
[2023-05-14 01:24:57,560][__main__][INFO] - Phrases: laptop;teddy;bear
[2023-05-14 01:24:57,560][__main__][INFO] - Conver Phrases to Object Positions
[2023-05-14 01:25:32,900][__main__][INFO] - Decode Image...
[2023-05-14 01:25:33,081][__main__][INFO] - Inference
[2023-05-14 01:25:33,081][__main__][INFO] - Prompt: A laptop on top of a teddy bear.
[2023-05-14 01:25:33,081][__main__][INFO] - Phrases: laptop;teddy;bear
[2023-05-14 01:25:33,081][__main__][INFO] - Conver Phrases to Object Positions
[2023-05-14 01:26:28,502][__main__][INFO] - Decode Image...
[2023-05-14 01:26:28,681][__main__][INFO] - Inference
[2023-05-14 01:26:28,681][__main__][INFO] - Prompt: A laptop on top of a teddy bear.
[2023-05-14 01:26:28,681][__main__][INFO] - Phrases: laptop;teddy;bear
[2023-05-14 01:26:28,681][__main__][INFO] - Conver Phrases to Object Positions
[2023-05-14 01:27:24,089][__main__][INFO] - Decode Image...
[2023-05-14 01:27:24,265][__main__][INFO] - Inference
[2023-05-14 01:27:24,265][__main__][INFO] - Prompt: A laptop on top of a teddy bear.
[2023-05-14 01:27:24,265][__main__][INFO] - Phrases: laptop;teddy;bear
[2023-05-14 01:27:24,265][__main__][INFO] - Conver Phrases to Object Positions
[2023-05-14 01:28:03,217][__main__][INFO] - Decode Image...
[2023-05-14 01:28:03,392][__main__][INFO] - Inference
[2023-05-14 01:28:03,392][__main__][INFO] - Prompt: A laptop on top of a teddy bear.
[2023-05-14 01:28:03,392][__main__][INFO] - Phrases: laptop;teddy;bear
[2023-05-14 01:28:03,392][__main__][INFO] - Conver Phrases to Object Positions
[2023-05-14 01:28:59,715][__main__][INFO] - Decode Image...
[2023-05-14 01:28:59,904][__main__][INFO] - Inference
[2023-05-14 01:28:59,904][__main__][INFO] - Prompt: A laptop on top of a teddy bear.
[2023-05-14 01:28:59,904][__main__][INFO] - Phrases: laptop;teddy;bear
[2023-05-14 01:28:59,904][__main__][INFO] - Conver Phrases to Object Positions
[2023-05-14 01:29:38,383][__main__][INFO] - Decode Image...
[2023-05-14 01:29:38,559][__main__][INFO] - Inference
[2023-05-14 01:29:38,559][__main__][INFO] - Prompt: A laptop on top of a teddy bear.
[2023-05-14 01:29:38,559][__main__][INFO] - Phrases: laptop;teddy;bear
[2023-05-14 01:29:38,559][__main__][INFO] - Conver Phrases to Object Positions
[2023-05-14 01:30:17,057][__main__][INFO] - Decode Image...
[2023-05-14 01:30:17,227][__main__][INFO] - Inference
[2023-05-14 01:30:17,227][__main__][INFO] - Prompt: A laptop on top of a teddy bear.
[2023-05-14 01:30:17,227][__main__][INFO] - Phrases: laptop;teddy;bear
[2023-05-14 01:30:17,227][__main__][INFO] - Conver Phrases to Object Positions
[2023-05-14 01:31:17,229][__main__][INFO] - Decode Image...
[2023-05-14 01:31:17,402][__main__][INFO] - Inference
[2023-05-14 01:31:17,402][__main__][INFO] - Prompt: A laptop on top of a teddy bear.
[2023-05-14 01:31:17,402][__main__][INFO] - Phrases: laptop;teddy;bear
[2023-05-14 01:31:17,402][__main__][INFO] - Conver Phrases to Object Positions
[2023-05-14 01:32:12,468][__main__][INFO] - Decode Image...
[2023-05-14 01:32:12,630][__main__][INFO] - Inference
[2023-05-14 01:32:12,630][__main__][INFO] - Prompt: A laptop on top of a teddy bear.
[2023-05-14 01:32:12,630][__main__][INFO] - Phrases: laptop;teddy;bear
[2023-05-14 01:32:12,630][__main__][INFO] - Conver Phrases to Object Positions
[2023-05-14 01:33:07,850][__main__][INFO] - Decode Image...
[2023-05-14 01:33:08,046][__main__][INFO] - Inference
[2023-05-14 01:33:08,046][__main__][INFO] - Prompt: A giraffe underneath a microwave.
[2023-05-14 01:33:08,046][__main__][INFO] - Phrases: giraffe;microwave
[2023-05-14 01:33:08,046][__main__][INFO] - Conver Phrases to Object Positions
[2023-05-14 01:33:27,945][__main__][INFO] - Decode Image...
[2023-05-14 01:33:28,139][__main__][INFO] - Inference
[2023-05-14 01:33:28,139][__main__][INFO] - Prompt: A giraffe underneath a microwave.
[2023-05-14 01:33:28,139][__main__][INFO] - Phrases: giraffe;microwave
[2023-05-14 01:33:28,139][__main__][INFO] - Conver Phrases to Object Positions
[2023-05-14 01:33:46,523][__main__][INFO] - Decode Image...
[2023-05-14 01:33:46,720][__main__][INFO] - Inference
[2023-05-14 01:33:46,720][__main__][INFO] - Prompt: A giraffe underneath a microwave.
[2023-05-14 01:33:46,720][__main__][INFO] - Phrases: giraffe;microwave
[2023-05-14 01:33:46,720][__main__][INFO] - Conver Phrases to Object Positions
[2023-05-14 01:34:05,823][__main__][INFO] - Decode Image...
[2023-05-14 01:34:06,024][__main__][INFO] - Inference
[2023-05-14 01:34:06,024][__main__][INFO] - Prompt: A giraffe underneath a microwave.
[2023-05-14 01:34:06,024][__main__][INFO] - Phrases: giraffe;microwave
[2023-05-14 01:34:06,024][__main__][INFO] - Conver Phrases to Object Positions
[2023-05-14 01:34:24,597][__main__][INFO] - Decode Image...
[2023-05-14 01:34:24,781][__main__][INFO] - Inference
[2023-05-14 01:34:24,781][__main__][INFO] - Prompt: A giraffe underneath a microwave.
[2023-05-14 01:34:24,781][__main__][INFO] - Phrases: giraffe;microwave
[2023-05-14 01:34:24,781][__main__][INFO] - Conver Phrases to Object Positions
[2023-05-14 01:34:45,180][__main__][INFO] - Decode Image...
[2023-05-14 01:34:45,371][__main__][INFO] - Inference
[2023-05-14 01:34:45,371][__main__][INFO] - Prompt: A giraffe underneath a microwave.
[2023-05-14 01:34:45,371][__main__][INFO] - Phrases: giraffe;microwave
[2023-05-14 01:34:45,371][__main__][INFO] - Conver Phrases to Object Positions
[2023-05-14 01:35:07,039][__main__][INFO] - Decode Image...
[2023-05-14 01:35:07,221][__main__][INFO] - Inference
[2023-05-14 01:35:07,221][__main__][INFO] - Prompt: A giraffe underneath a microwave.
[2023-05-14 01:35:07,221][__main__][INFO] - Phrases: giraffe;microwave
[2023-05-14 01:35:07,221][__main__][INFO] - Conver Phrases to Object Positions
[2023-05-14 01:35:31,299][__main__][INFO] - Decode Image...
[2023-05-14 01:35:31,506][__main__][INFO] - Inference
[2023-05-14 01:35:31,506][__main__][INFO] - Prompt: A giraffe underneath a microwave.
[2023-05-14 01:35:31,506][__main__][INFO] - Phrases: giraffe;microwave
[2023-05-14 01:35:31,506][__main__][INFO] - Conver Phrases to Object Positions
[2023-05-14 01:35:49,915][__main__][INFO] - Decode Image...
[2023-05-14 01:35:50,097][__main__][INFO] - Inference
[2023-05-14 01:35:50,097][__main__][INFO] - Prompt: A giraffe underneath a microwave.
[2023-05-14 01:35:50,097][__main__][INFO] - Phrases: giraffe;microwave
[2023-05-14 01:35:50,097][__main__][INFO] - Conver Phrases to Object Positions
[2023-05-14 01:36:12,225][__main__][INFO] - Decode Image...
[2023-05-14 01:36:12,422][__main__][INFO] - Inference
[2023-05-14 01:36:12,422][__main__][INFO] - Prompt: A giraffe underneath a microwave.
[2023-05-14 01:36:12,422][__main__][INFO] - Phrases: giraffe;microwave
[2023-05-14 01:36:12,422][__main__][INFO] - Conver Phrases to Object Positions
[2023-05-14 01:36:27,711][__main__][INFO] - Decode Image...
[2023-05-14 01:36:27,909][__main__][INFO] - Inference
[2023-05-14 01:36:27,909][__main__][INFO] - Prompt: A donut underneath a toilet.
[2023-05-14 01:36:27,909][__main__][INFO] - Phrases: donut;toilet
[2023-05-14 01:36:27,909][__main__][INFO] - Conver Phrases to Object Positions
[2023-05-14 01:36:51,769][__main__][INFO] - Decode Image...
[2023-05-14 01:36:51,968][__main__][INFO] - Inference
[2023-05-14 01:36:51,968][__main__][INFO] - Prompt: A donut underneath a toilet.
[2023-05-14 01:36:51,968][__main__][INFO] - Phrases: donut;toilet
[2023-05-14 01:36:51,968][__main__][INFO] - Conver Phrases to Object Positions
[2023-05-14 01:37:10,341][__main__][INFO] - Decode Image...
[2023-05-14 01:37:10,540][__main__][INFO] - Inference
[2023-05-14 01:37:10,540][__main__][INFO] - Prompt: A donut underneath a toilet.
[2023-05-14 01:37:10,540][__main__][INFO] - Phrases: donut;toilet
[2023-05-14 01:37:10,540][__main__][INFO] - Conver Phrases to Object Positions
[2023-05-14 01:37:31,669][__main__][INFO] - Decode Image...
[2023-05-14 01:37:31,847][__main__][INFO] - Inference
[2023-05-14 01:37:31,848][__main__][INFO] - Prompt: A donut underneath a toilet.
[2023-05-14 01:37:31,848][__main__][INFO] - Phrases: donut;toilet
[2023-05-14 01:37:31,848][__main__][INFO] - Conver Phrases to Object Positions
[2023-05-14 01:37:58,264][__main__][INFO] - Decode Image...
[2023-05-14 01:37:58,469][__main__][INFO] - Inference
[2023-05-14 01:37:58,469][__main__][INFO] - Prompt: A donut underneath a toilet.
[2023-05-14 01:37:58,470][__main__][INFO] - Phrases: donut;toilet
[2023-05-14 01:37:58,470][__main__][INFO] - Conver Phrases to Object Positions
[2023-05-14 01:38:16,257][__main__][INFO] - Decode Image...
[2023-05-14 01:38:16,462][__main__][INFO] - Inference
[2023-05-14 01:38:16,462][__main__][INFO] - Prompt: A donut underneath a toilet.
[2023-05-14 01:38:16,462][__main__][INFO] - Phrases: donut;toilet
[2023-05-14 01:38:16,462][__main__][INFO] - Conver Phrases to Object Positions
[2023-05-14 01:38:33,534][__main__][INFO] - Decode Image...
[2023-05-14 01:38:33,712][__main__][INFO] - Inference
[2023-05-14 01:38:33,713][__main__][INFO] - Prompt: A donut underneath a toilet.
[2023-05-14 01:38:33,713][__main__][INFO] - Phrases: donut;toilet
[2023-05-14 01:38:33,713][__main__][INFO] - Conver Phrases to Object Positions
[2023-05-14 01:39:02,003][__main__][INFO] - Decode Image...
[2023-05-14 01:39:02,208][__main__][INFO] - Inference
[2023-05-14 01:39:02,208][__main__][INFO] - Prompt: A donut underneath a toilet.
[2023-05-14 01:39:02,208][__main__][INFO] - Phrases: donut;toilet
[2023-05-14 01:39:02,208][__main__][INFO] - Conver Phrases to Object Positions
[2023-05-14 01:39:22,512][__main__][INFO] - Decode Image...
[2023-05-14 01:39:22,730][__main__][INFO] - Inference
[2023-05-14 01:39:22,730][__main__][INFO] - Prompt: A donut underneath a toilet.
[2023-05-14 01:39:22,730][__main__][INFO] - Phrases: donut;toilet
[2023-05-14 01:39:22,730][__main__][INFO] - Conver Phrases to Object Positions
[2023-05-14 01:39:45,320][__main__][INFO] - Decode Image...
[2023-05-14 01:39:45,493][__main__][INFO] - Inference
[2023-05-14 01:39:45,493][__main__][INFO] - Prompt: A donut underneath a toilet.
[2023-05-14 01:39:45,493][__main__][INFO] - Phrases: donut;toilet
[2023-05-14 01:39:45,493][__main__][INFO] - Conver Phrases to Object Positions
[2023-05-14 01:40:12,769][__main__][INFO] - Decode Image...
[2023-05-14 01:40:12,973][__main__][INFO] - Inference
[2023-05-14 01:40:12,973][__main__][INFO] - Prompt: A hair drier underneath a sheep.
[2023-05-14 01:40:12,973][__main__][INFO] - Phrases: hair;drier;sheep
[2023-05-14 01:40:12,973][__main__][INFO] - Conver Phrases to Object Positions
[2023-05-14 01:40:32,921][__main__][INFO] - Decode Image...
[2023-05-14 01:40:33,127][__main__][INFO] - Inference
[2023-05-14 01:40:33,127][__main__][INFO] - Prompt: A hair drier underneath a sheep.
[2023-05-14 01:40:33,127][__main__][INFO] - Phrases: hair;drier;sheep
[2023-05-14 01:40:33,127][__main__][INFO] - Conver Phrases to Object Positions
[2023-05-14 01:41:11,709][__main__][INFO] - Decode Image...
[2023-05-14 01:41:11,886][__main__][INFO] - Inference
[2023-05-14 01:41:11,886][__main__][INFO] - Prompt: A hair drier underneath a sheep.
[2023-05-14 01:41:11,886][__main__][INFO] - Phrases: hair;drier;sheep
[2023-05-14 01:41:11,886][__main__][INFO] - Conver Phrases to Object Positions
[2023-05-14 01:41:37,707][__main__][INFO] - Decode Image...
[2023-05-14 01:41:37,894][__main__][INFO] - Inference
[2023-05-14 01:41:37,894][__main__][INFO] - Prompt: A hair drier underneath a sheep.
[2023-05-14 01:41:37,894][__main__][INFO] - Phrases: hair;drier;sheep
[2023-05-14 01:41:37,894][__main__][INFO] - Conver Phrases to Object Positions
[2023-05-14 01:42:09,406][__main__][INFO] - Decode Image...
[2023-05-14 01:42:09,600][__main__][INFO] - Inference
[2023-05-14 01:42:09,600][__main__][INFO] - Prompt: A hair drier underneath a sheep.
[2023-05-14 01:42:09,600][__main__][INFO] - Phrases: hair;drier;sheep
[2023-05-14 01:42:09,600][__main__][INFO] - Conver Phrases to Object Positions
[2023-05-14 01:42:43,386][__main__][INFO] - Decode Image...
[2023-05-14 01:42:43,568][__main__][INFO] - Inference
[2023-05-14 01:42:43,569][__main__][INFO] - Prompt: A hair drier underneath a sheep.
[2023-05-14 01:42:43,569][__main__][INFO] - Phrases: hair;drier;sheep
[2023-05-14 01:42:43,569][__main__][INFO] - Conver Phrases to Object Positions
[2023-05-14 01:43:20,462][__main__][INFO] - Decode Image...
[2023-05-14 01:43:20,652][__main__][INFO] - Inference
[2023-05-14 01:43:20,652][__main__][INFO] - Prompt: A hair drier underneath a sheep.
[2023-05-14 01:43:20,652][__main__][INFO] - Phrases: hair;drier;sheep
[2023-05-14 01:43:20,652][__main__][INFO] - Conver Phrases to Object Positions
[2023-05-14 01:43:51,115][__main__][INFO] - Decode Image...
[2023-05-14 01:43:51,283][__main__][INFO] - Inference
[2023-05-14 01:43:51,284][__main__][INFO] - Prompt: A hair drier underneath a sheep.
[2023-05-14 01:43:51,284][__main__][INFO] - Phrases: hair;drier;sheep
[2023-05-14 01:43:51,284][__main__][INFO] - Conver Phrases to Object Positions
[2023-05-14 01:44:13,673][__main__][INFO] - Decode Image...
[2023-05-14 01:44:13,875][__main__][INFO] - Inference
[2023-05-14 01:44:13,875][__main__][INFO] - Prompt: A hair drier underneath a sheep.
[2023-05-14 01:44:13,876][__main__][INFO] - Phrases: hair;drier;sheep
[2023-05-14 01:44:13,876][__main__][INFO] - Conver Phrases to Object Positions
[2023-05-14 01:44:53,936][__main__][INFO] - Decode Image...
[2023-05-14 01:44:54,159][__main__][INFO] - Inference
[2023-05-14 01:44:54,159][__main__][INFO] - Prompt: A hair drier underneath a sheep.
[2023-05-14 01:44:54,159][__main__][INFO] - Phrases: hair;drier;sheep
[2023-05-14 01:44:54,159][__main__][INFO] - Conver Phrases to Object Positions
[2023-05-14 01:45:27,498][__main__][INFO] - Decode Image...
[2023-05-14 01:45:27,695][__main__][INFO] - Inference
[2023-05-14 01:45:27,695][__main__][INFO] - Prompt: A tennis racket underneath a traffic light.
[2023-05-14 01:45:27,695][__main__][INFO] - Phrases: tennis;racket;traffic;light
[2023-05-14 01:45:27,695][__main__][INFO] - Conver Phrases to Object Positions
[2023-05-14 01:46:24,750][__main__][INFO] - Decode Image...
[2023-05-14 01:46:24,935][__main__][INFO] - Inference
[2023-05-14 01:46:24,935][__main__][INFO] - Prompt: A tennis racket underneath a traffic light.
[2023-05-14 01:46:24,935][__main__][INFO] - Phrases: tennis;racket;traffic;light
[2023-05-14 01:46:24,935][__main__][INFO] - Conver Phrases to Object Positions
[2023-05-14 01:47:03,818][__main__][INFO] - Decode Image...
[2023-05-14 01:47:04,014][__main__][INFO] - Inference
[2023-05-14 01:47:04,014][__main__][INFO] - Prompt: A tennis racket underneath a traffic light.
[2023-05-14 01:47:04,014][__main__][INFO] - Phrases: tennis;racket;traffic;light
[2023-05-14 01:47:04,015][__main__][INFO] - Conver Phrases to Object Positions
[2023-05-14 01:47:43,175][__main__][INFO] - Decode Image...
[2023-05-14 01:47:43,351][__main__][INFO] - Inference
[2023-05-14 01:47:43,351][__main__][INFO] - Prompt: A tennis racket underneath a traffic light.
[2023-05-14 01:47:43,351][__main__][INFO] - Phrases: tennis;racket;traffic;light
[2023-05-14 01:47:43,351][__main__][INFO] - Conver Phrases to Object Positions
[2023-05-14 01:48:39,215][__main__][INFO] - Decode Image...
[2023-05-14 01:48:39,404][__main__][INFO] - Inference
[2023-05-14 01:48:39,404][__main__][INFO] - Prompt: A tennis racket underneath a traffic light.
[2023-05-14 01:48:39,404][__main__][INFO] - Phrases: tennis;racket;traffic;light
[2023-05-14 01:48:39,404][__main__][INFO] - Conver Phrases to Object Positions
[2023-05-14 01:49:35,321][__main__][INFO] - Decode Image...
[2023-05-14 01:49:35,516][__main__][INFO] - Inference
[2023-05-14 01:49:35,516][__main__][INFO] - Prompt: A tennis racket underneath a traffic light.
[2023-05-14 01:49:35,516][__main__][INFO] - Phrases: tennis;racket;traffic;light
[2023-05-14 01:49:35,516][__main__][INFO] - Conver Phrases to Object Positions
[2023-05-14 01:50:31,388][__main__][INFO] - Decode Image...
[2023-05-14 01:50:31,592][__main__][INFO] - Inference
[2023-05-14 01:50:31,592][__main__][INFO] - Prompt: A tennis racket underneath a traffic light.
[2023-05-14 01:50:31,592][__main__][INFO] - Phrases: tennis;racket;traffic;light
[2023-05-14 01:50:31,592][__main__][INFO] - Conver Phrases to Object Positions
[2023-05-14 01:51:27,354][__main__][INFO] - Decode Image...
[2023-05-14 01:51:27,574][__main__][INFO] - Inference
[2023-05-14 01:51:27,574][__main__][INFO] - Prompt: A tennis racket underneath a traffic light.
[2023-05-14 01:51:27,574][__main__][INFO] - Phrases: tennis;racket;traffic;light
[2023-05-14 01:51:27,574][__main__][INFO] - Conver Phrases to Object Positions
[2023-05-14 01:52:29,755][__main__][INFO] - Decode Image...
[2023-05-14 01:52:29,951][__main__][INFO] - Inference
[2023-05-14 01:52:29,951][__main__][INFO] - Prompt: A tennis racket underneath a traffic light.
[2023-05-14 01:52:29,951][__main__][INFO] - Phrases: tennis;racket;traffic;light
[2023-05-14 01:52:29,951][__main__][INFO] - Conver Phrases to Object Positions
[2023-05-14 01:53:25,683][__main__][INFO] - Decode Image...
[2023-05-14 01:53:25,880][__main__][INFO] - Inference
[2023-05-14 01:53:25,880][__main__][INFO] - Prompt: A tennis racket underneath a traffic light.
[2023-05-14 01:53:25,880][__main__][INFO] - Phrases: tennis;racket;traffic;light
[2023-05-14 01:53:25,880][__main__][INFO] - Conver Phrases to Object Positions
[2023-05-14 01:54:21,728][__main__][INFO] - Decode Image...
[2023-05-14 01:54:21,923][__main__][INFO] - Inference
[2023-05-14 01:54:21,924][__main__][INFO] - Prompt: A zebra underneath a broccoli.
[2023-05-14 01:54:21,924][__main__][INFO] - Phrases: zebra;broccoli
[2023-05-14 01:54:21,924][__main__][INFO] - Conver Phrases to Object Positions
[2023-05-14 01:54:39,557][__main__][INFO] - Decode Image...
[2023-05-14 01:54:39,755][__main__][INFO] - Inference
[2023-05-14 01:54:39,755][__main__][INFO] - Prompt: A zebra underneath a broccoli.
[2023-05-14 01:54:39,755][__main__][INFO] - Phrases: zebra;broccoli
[2023-05-14 01:54:39,755][__main__][INFO] - Conver Phrases to Object Positions
[2023-05-14 01:54:54,989][__main__][INFO] - Decode Image...
[2023-05-14 01:54:55,197][__main__][INFO] - Inference
[2023-05-14 01:54:55,197][__main__][INFO] - Prompt: A zebra underneath a broccoli.
[2023-05-14 01:54:55,197][__main__][INFO] - Phrases: zebra;broccoli
[2023-05-14 01:54:55,197][__main__][INFO] - Conver Phrases to Object Positions
[2023-05-14 01:55:11,412][__main__][INFO] - Decode Image...
[2023-05-14 01:55:11,592][__main__][INFO] - Inference
[2023-05-14 01:55:11,592][__main__][INFO] - Prompt: A zebra underneath a broccoli.
[2023-05-14 01:55:11,592][__main__][INFO] - Phrases: zebra;broccoli
[2023-05-14 01:55:11,592][__main__][INFO] - Conver Phrases to Object Positions
[2023-05-14 01:55:31,843][__main__][INFO] - Decode Image...
[2023-05-14 01:55:32,040][__main__][INFO] - Inference
[2023-05-14 01:55:32,040][__main__][INFO] - Prompt: A zebra underneath a broccoli.
[2023-05-14 01:55:32,040][__main__][INFO] - Phrases: zebra;broccoli
[2023-05-14 01:55:32,040][__main__][INFO] - Conver Phrases to Object Positions
[2023-05-14 01:56:02,454][__main__][INFO] - Decode Image...
[2023-05-14 01:56:02,629][__main__][INFO] - Inference
[2023-05-14 01:56:02,629][__main__][INFO] - Prompt: A zebra underneath a broccoli.
[2023-05-14 01:56:02,629][__main__][INFO] - Phrases: zebra;broccoli
[2023-05-14 01:56:02,629][__main__][INFO] - Conver Phrases to Object Positions
[2023-05-14 01:56:20,589][__main__][INFO] - Decode Image...
[2023-05-14 01:56:20,783][__main__][INFO] - Inference
[2023-05-14 01:56:20,784][__main__][INFO] - Prompt: A zebra underneath a broccoli.
[2023-05-14 01:56:20,784][__main__][INFO] - Phrases: zebra;broccoli
[2023-05-14 01:56:20,784][__main__][INFO] - Conver Phrases to Object Positions
[2023-05-14 01:56:37,564][__main__][INFO] - Decode Image...
[2023-05-14 01:56:37,707][__main__][INFO] - Inference
[2023-05-14 01:56:37,707][__main__][INFO] - Prompt: A zebra underneath a broccoli.
[2023-05-14 01:56:37,707][__main__][INFO] - Phrases: zebra;broccoli
[2023-05-14 01:56:37,707][__main__][INFO] - Conver Phrases to Object Positions
[2023-05-14 01:56:55,267][__main__][INFO] - Decode Image...
[2023-05-14 01:56:55,457][__main__][INFO] - Inference
[2023-05-14 01:56:55,457][__main__][INFO] - Prompt: A zebra underneath a broccoli.
[2023-05-14 01:56:55,457][__main__][INFO] - Phrases: zebra;broccoli
[2023-05-14 01:56:55,457][__main__][INFO] - Conver Phrases to Object Positions
[2023-05-14 01:57:15,675][__main__][INFO] - Decode Image...
[2023-05-14 01:57:15,893][__main__][INFO] - Inference
[2023-05-14 01:57:15,893][__main__][INFO] - Prompt: A zebra underneath a broccoli.
[2023-05-14 01:57:15,893][__main__][INFO] - Phrases: zebra;broccoli
[2023-05-14 01:57:15,893][__main__][INFO] - Conver Phrases to Object Positions
[2023-05-14 01:57:35,031][__main__][INFO] - Decode Image...
[2023-05-14 01:57:35,213][__main__][INFO] - Inference
[2023-05-14 01:57:35,213][__main__][INFO] - Prompt: A banana on the left of an apple.
[2023-05-14 01:57:35,213][__main__][INFO] - Phrases: banana;apple
[2023-05-14 01:57:35,213][__main__][INFO] - Conver Phrases to Object Positions
[2023-05-14 01:58:02,804][__main__][INFO] - Decode Image...
[2023-05-14 01:58:03,014][__main__][INFO] - Inference
[2023-05-14 01:58:03,014][__main__][INFO] - Prompt: A banana on the left of an apple.
[2023-05-14 01:58:03,014][__main__][INFO] - Phrases: banana;apple
[2023-05-14 01:58:03,014][__main__][INFO] - Conver Phrases to Object Positions
[2023-05-14 01:58:26,889][__main__][INFO] - Decode Image...
[2023-05-14 01:58:27,069][__main__][INFO] - Inference
[2023-05-14 01:58:27,070][__main__][INFO] - Prompt: A banana on the left of an apple.
[2023-05-14 01:58:27,070][__main__][INFO] - Phrases: banana;apple
[2023-05-14 01:58:27,070][__main__][INFO] - Conver Phrases to Object Positions
[2023-05-14 01:59:03,591][__main__][INFO] - Decode Image...
[2023-05-14 01:59:03,792][__main__][INFO] - Inference
[2023-05-14 01:59:03,792][__main__][INFO] - Prompt: A banana on the left of an apple.
[2023-05-14 01:59:03,792][__main__][INFO] - Phrases: banana;apple
[2023-05-14 01:59:03,792][__main__][INFO] - Conver Phrases to Object Positions
[2023-05-14 01:59:28,394][__main__][INFO] - Decode Image...
[2023-05-14 01:59:28,604][__main__][INFO] - Inference
[2023-05-14 01:59:28,604][__main__][INFO] - Prompt: A banana on the left of an apple.
[2023-05-14 01:59:28,604][__main__][INFO] - Phrases: banana;apple
[2023-05-14 01:59:28,604][__main__][INFO] - Conver Phrases to Object Positions
[2023-05-14 01:59:48,721][__main__][INFO] - Decode Image...
[2023-05-14 01:59:48,944][__main__][INFO] - Inference
[2023-05-14 01:59:48,945][__main__][INFO] - Prompt: A banana on the left of an apple.
[2023-05-14 01:59:48,945][__main__][INFO] - Phrases: banana;apple
[2023-05-14 01:59:48,945][__main__][INFO] - Conver Phrases to Object Positions
[2023-05-14 02:00:14,672][__main__][INFO] - Decode Image...
[2023-05-14 02:00:14,842][__main__][INFO] - Inference
[2023-05-14 02:00:14,842][__main__][INFO] - Prompt: A banana on the left of an apple.
[2023-05-14 02:00:14,842][__main__][INFO] - Phrases: banana;apple
[2023-05-14 02:00:14,842][__main__][INFO] - Conver Phrases to Object Positions
[2023-05-14 02:00:41,496][__main__][INFO] - Decode Image...
[2023-05-14 02:00:41,676][__main__][INFO] - Inference
[2023-05-14 02:00:41,677][__main__][INFO] - Prompt: A banana on the left of an apple.
[2023-05-14 02:00:41,677][__main__][INFO] - Phrases: banana;apple
[2023-05-14 02:00:41,677][__main__][INFO] - Conver Phrases to Object Positions
[2023-05-14 02:01:07,389][__main__][INFO] - Decode Image...
[2023-05-14 02:01:07,580][__main__][INFO] - Inference
[2023-05-14 02:01:07,580][__main__][INFO] - Prompt: A banana on the left of an apple.
[2023-05-14 02:01:07,580][__main__][INFO] - Phrases: banana;apple
[2023-05-14 02:01:07,580][__main__][INFO] - Conver Phrases to Object Positions
[2023-05-14 02:01:41,178][__main__][INFO] - Decode Image...
[2023-05-14 02:01:41,386][__main__][INFO] - Inference
[2023-05-14 02:01:41,386][__main__][INFO] - Prompt: A banana on the left of an apple.
[2023-05-14 02:01:41,386][__main__][INFO] - Phrases: banana;apple
[2023-05-14 02:01:41,386][__main__][INFO] - Conver Phrases to Object Positions
[2023-05-14 02:02:05,509][__main__][INFO] - Decode Image...
[2023-05-14 02:02:05,697][__main__][INFO] - Inference
[2023-05-14 02:02:05,697][__main__][INFO] - Prompt: A couch on the left of a chair.
[2023-05-14 02:02:05,697][__main__][INFO] - Phrases: couch;chair
[2023-05-14 02:02:05,697][__main__][INFO] - Conver Phrases to Object Positions
[2023-05-14 02:02:32,309][__main__][INFO] - Decode Image...
[2023-05-14 02:02:32,501][__main__][INFO] - Inference
[2023-05-14 02:02:32,501][__main__][INFO] - Prompt: A couch on the left of a chair.
[2023-05-14 02:02:32,501][__main__][INFO] - Phrases: couch;chair
[2023-05-14 02:02:32,501][__main__][INFO] - Conver Phrases to Object Positions
[2023-05-14 02:02:59,070][__main__][INFO] - Decode Image...
[2023-05-14 02:02:59,245][__main__][INFO] - Inference
[2023-05-14 02:02:59,245][__main__][INFO] - Prompt: A couch on the left of a chair.
[2023-05-14 02:02:59,245][__main__][INFO] - Phrases: couch;chair
[2023-05-14 02:02:59,245][__main__][INFO] - Conver Phrases to Object Positions
[2023-05-14 02:03:26,559][__main__][INFO] - Decode Image...
[2023-05-14 02:03:26,750][__main__][INFO] - Inference
[2023-05-14 02:03:26,750][__main__][INFO] - Prompt: A couch on the left of a chair.
[2023-05-14 02:03:26,750][__main__][INFO] - Phrases: couch;chair
[2023-05-14 02:03:26,750][__main__][INFO] - Conver Phrases to Object Positions
[2023-05-14 02:03:53,569][__main__][INFO] - Decode Image...
[2023-05-14 02:03:53,780][__main__][INFO] - Inference
[2023-05-14 02:03:53,781][__main__][INFO] - Prompt: A couch on the left of a chair.
[2023-05-14 02:03:53,781][__main__][INFO] - Phrases: couch;chair
[2023-05-14 02:03:53,781][__main__][INFO] - Conver Phrases to Object Positions
[2023-05-14 02:04:24,625][__main__][INFO] - Decode Image...
[2023-05-14 02:04:24,841][__main__][INFO] - Inference
[2023-05-14 02:04:24,841][__main__][INFO] - Prompt: A couch on the left of a chair.
[2023-05-14 02:04:24,841][__main__][INFO] - Phrases: couch;chair
[2023-05-14 02:04:24,841][__main__][INFO] - Conver Phrases to Object Positions
[2023-05-14 02:04:54,761][__main__][INFO] - Decode Image...
[2023-05-14 02:04:54,965][__main__][INFO] - Inference
[2023-05-14 02:04:54,965][__main__][INFO] - Prompt: A couch on the left of a chair.
[2023-05-14 02:04:54,965][__main__][INFO] - Phrases: couch;chair
[2023-05-14 02:04:54,965][__main__][INFO] - Conver Phrases to Object Positions
[2023-05-14 02:05:22,288][__main__][INFO] - Decode Image...
[2023-05-14 02:05:22,512][__main__][INFO] - Inference
[2023-05-14 02:05:22,512][__main__][INFO] - Prompt: A couch on the left of a chair.
[2023-05-14 02:05:22,512][__main__][INFO] - Phrases: couch;chair
[2023-05-14 02:05:22,512][__main__][INFO] - Conver Phrases to Object Positions
[2023-05-14 02:05:42,836][__main__][INFO] - Decode Image...
[2023-05-14 02:05:43,022][__main__][INFO] - Inference
[2023-05-14 02:05:43,022][__main__][INFO] - Prompt: A couch on the left of a chair.
[2023-05-14 02:05:43,022][__main__][INFO] - Phrases: couch;chair
[2023-05-14 02:05:43,022][__main__][INFO] - Conver Phrases to Object Positions
[2023-05-14 02:06:10,416][__main__][INFO] - Decode Image...
[2023-05-14 02:06:10,635][__main__][INFO] - Inference
[2023-05-14 02:06:10,635][__main__][INFO] - Prompt: A couch on the left of a chair.
[2023-05-14 02:06:10,635][__main__][INFO] - Phrases: couch;chair
[2023-05-14 02:06:10,635][__main__][INFO] - Conver Phrases to Object Positions
[2023-05-14 02:06:33,721][__main__][INFO] - Decode Image...
[2023-05-14 02:06:33,902][__main__][INFO] - Inference
[2023-05-14 02:06:33,903][__main__][INFO] - Prompt: A car on the left of a bus.
[2023-05-14 02:06:33,903][__main__][INFO] - Phrases: car;bus
[2023-05-14 02:06:33,903][__main__][INFO] - Conver Phrases to Object Positions
[2023-05-14 02:07:13,342][__main__][INFO] - Decode Image...
[2023-05-14 02:07:13,535][__main__][INFO] - Inference
[2023-05-14 02:07:13,535][__main__][INFO] - Prompt: A car on the left of a bus.
[2023-05-14 02:07:13,535][__main__][INFO] - Phrases: car;bus
[2023-05-14 02:07:13,536][__main__][INFO] - Conver Phrases to Object Positions
[2023-05-14 02:07:43,141][__main__][INFO] - Decode Image...
[2023-05-14 02:07:43,339][__main__][INFO] - Inference
[2023-05-14 02:07:43,340][__main__][INFO] - Prompt: A car on the left of a bus.
[2023-05-14 02:07:43,340][__main__][INFO] - Phrases: car;bus
[2023-05-14 02:07:43,340][__main__][INFO] - Conver Phrases to Object Positions
[2023-05-14 02:08:12,521][__main__][INFO] - Decode Image...
[2023-05-14 02:08:12,729][__main__][INFO] - Inference
[2023-05-14 02:08:12,729][__main__][INFO] - Prompt: A car on the left of a bus.
[2023-05-14 02:08:12,729][__main__][INFO] - Phrases: car;bus
[2023-05-14 02:08:12,729][__main__][INFO] - Conver Phrases to Object Positions
[2023-05-14 02:08:40,598][__main__][INFO] - Decode Image...
[2023-05-14 02:08:40,766][__main__][INFO] - Inference
[2023-05-14 02:08:40,766][__main__][INFO] - Prompt: A car on the left of a bus.
[2023-05-14 02:08:40,766][__main__][INFO] - Phrases: car;bus
[2023-05-14 02:08:40,766][__main__][INFO] - Conver Phrases to Object Positions
[2023-05-14 02:09:06,456][__main__][INFO] - Decode Image...
[2023-05-14 02:09:06,631][__main__][INFO] - Inference
[2023-05-14 02:09:06,631][__main__][INFO] - Prompt: A car on the left of a bus.
[2023-05-14 02:09:06,631][__main__][INFO] - Phrases: car;bus
[2023-05-14 02:09:06,631][__main__][INFO] - Conver Phrases to Object Positions
[2023-05-14 02:09:33,097][__main__][INFO] - Decode Image...
[2023-05-14 02:09:33,309][__main__][INFO] - Inference
[2023-05-14 02:09:33,309][__main__][INFO] - Prompt: A car on the left of a bus.
[2023-05-14 02:09:33,309][__main__][INFO] - Phrases: car;bus
[2023-05-14 02:09:33,309][__main__][INFO] - Conver Phrases to Object Positions
[2023-05-14 02:10:18,330][__main__][INFO] - Decode Image...
[2023-05-14 02:10:18,540][__main__][INFO] - Inference
[2023-05-14 02:10:18,540][__main__][INFO] - Prompt: A car on the left of a bus.
[2023-05-14 02:10:18,540][__main__][INFO] - Phrases: car;bus
[2023-05-14 02:10:18,540][__main__][INFO] - Conver Phrases to Object Positions
[2023-05-14 02:10:47,754][__main__][INFO] - Decode Image...
[2023-05-14 02:10:47,949][__main__][INFO] - Inference
[2023-05-14 02:10:47,950][__main__][INFO] - Prompt: A car on the left of a bus.
[2023-05-14 02:10:47,950][__main__][INFO] - Phrases: car;bus
[2023-05-14 02:10:47,950][__main__][INFO] - Conver Phrases to Object Positions
[2023-05-14 02:11:14,483][__main__][INFO] - Decode Image...
[2023-05-14 02:11:14,656][__main__][INFO] - Inference
[2023-05-14 02:11:14,656][__main__][INFO] - Prompt: A car on the left of a bus.
[2023-05-14 02:11:14,656][__main__][INFO] - Phrases: car;bus
[2023-05-14 02:11:14,656][__main__][INFO] - Conver Phrases to Object Positions
[2023-05-14 02:11:48,413][__main__][INFO] - Decode Image...
[2023-05-14 02:11:48,604][__main__][INFO] - Inference
[2023-05-14 02:11:48,604][__main__][INFO] - Prompt: A cat on the left of a dog.
[2023-05-14 02:11:48,605][__main__][INFO] - Phrases: cat;dog
[2023-05-14 02:11:48,605][__main__][INFO] - Conver Phrases to Object Positions
[2023-05-14 02:12:43,599][__main__][INFO] - Decode Image...
[2023-05-14 02:12:43,810][__main__][INFO] - Inference
[2023-05-14 02:12:43,810][__main__][INFO] - Prompt: A cat on the left of a dog.
[2023-05-14 02:12:43,810][__main__][INFO] - Phrases: cat;dog
[2023-05-14 02:12:43,810][__main__][INFO] - Conver Phrases to Object Positions
[2023-05-14 02:13:22,262][__main__][INFO] - Decode Image...
[2023-05-14 02:13:22,475][__main__][INFO] - Inference
[2023-05-14 02:13:22,475][__main__][INFO] - Prompt: A cat on the left of a dog.
[2023-05-14 02:13:22,475][__main__][INFO] - Phrases: cat;dog
[2023-05-14 02:13:22,475][__main__][INFO] - Conver Phrases to Object Positions
[2023-05-14 02:14:17,438][__main__][INFO] - Decode Image...
[2023-05-14 02:14:17,655][__main__][INFO] - Inference
[2023-05-14 02:14:17,655][__main__][INFO] - Prompt: A cat on the left of a dog.
[2023-05-14 02:14:17,655][__main__][INFO] - Phrases: cat;dog
[2023-05-14 02:14:17,655][__main__][INFO] - Conver Phrases to Object Positions
[2023-05-14 02:15:12,742][__main__][INFO] - Decode Image...
[2023-05-14 02:15:12,961][__main__][INFO] - Inference
[2023-05-14 02:15:12,961][__main__][INFO] - Prompt: A cat on the left of a dog.
[2023-05-14 02:15:12,961][__main__][INFO] - Phrases: cat;dog
[2023-05-14 02:15:12,961][__main__][INFO] - Conver Phrases to Object Positions
[2023-05-14 02:15:57,876][__main__][INFO] - Decode Image...
[2023-05-14 02:15:58,047][__main__][INFO] - Inference
[2023-05-14 02:15:58,047][__main__][INFO] - Prompt: A cat on the left of a dog.
[2023-05-14 02:15:58,047][__main__][INFO] - Phrases: cat;dog
[2023-05-14 02:15:58,047][__main__][INFO] - Conver Phrases to Object Positions
[2023-05-14 02:16:41,164][__main__][INFO] - Decode Image...
[2023-05-14 02:16:41,371][__main__][INFO] - Inference
[2023-05-14 02:16:41,371][__main__][INFO] - Prompt: A cat on the left of a dog.
[2023-05-14 02:16:41,371][__main__][INFO] - Phrases: cat;dog
[2023-05-14 02:16:41,371][__main__][INFO] - Conver Phrases to Object Positions
[2023-05-14 02:17:36,371][__main__][INFO] - Decode Image...
[2023-05-14 02:17:36,597][__main__][INFO] - Inference
[2023-05-14 02:17:36,597][__main__][INFO] - Prompt: A cat on the left of a dog.
[2023-05-14 02:17:36,597][__main__][INFO] - Phrases: cat;dog
[2023-05-14 02:17:36,597][__main__][INFO] - Conver Phrases to Object Positions
[2023-05-14 02:18:31,650][__main__][INFO] - Decode Image...
[2023-05-14 02:18:31,855][__main__][INFO] - Inference
[2023-05-14 02:18:31,855][__main__][INFO] - Prompt: A cat on the left of a dog.
[2023-05-14 02:18:31,856][__main__][INFO] - Phrases: cat;dog
[2023-05-14 02:18:31,856][__main__][INFO] - Conver Phrases to Object Positions
[2023-05-14 02:19:13,276][__main__][INFO] - Decode Image...
[2023-05-14 02:19:13,469][__main__][INFO] - Inference
[2023-05-14 02:19:13,469][__main__][INFO] - Prompt: A cat on the left of a dog.
[2023-05-14 02:19:13,469][__main__][INFO] - Phrases: cat;dog
[2023-05-14 02:19:13,469][__main__][INFO] - Conver Phrases to Object Positions
[2023-05-14 02:20:08,022][__main__][INFO] - Decode Image...
[2023-05-14 02:20:08,258][__main__][INFO] - Inference
[2023-05-14 02:20:08,258][__main__][INFO] - Prompt: A carrot on the left of a broccoli.
[2023-05-14 02:20:08,258][__main__][INFO] - Phrases: carrot;broccoli
[2023-05-14 02:20:08,258][__main__][INFO] - Conver Phrases to Object Positions
[2023-05-14 02:20:47,815][__main__][INFO] - Decode Image...
[2023-05-14 02:20:48,007][__main__][INFO] - Inference
[2023-05-14 02:20:48,007][__main__][INFO] - Prompt: A carrot on the left of a broccoli.
[2023-05-14 02:20:48,007][__main__][INFO] - Phrases: carrot;broccoli
[2023-05-14 02:20:48,007][__main__][INFO] - Conver Phrases to Object Positions
[2023-05-14 02:21:05,626][__main__][INFO] - Decode Image...
[2023-05-14 02:21:05,833][__main__][INFO] - Inference
[2023-05-14 02:21:05,833][__main__][INFO] - Prompt: A carrot on the left of a broccoli.
[2023-05-14 02:21:05,833][__main__][INFO] - Phrases: carrot;broccoli
[2023-05-14 02:21:05,833][__main__][INFO] - Conver Phrases to Object Positions
[2023-05-14 02:21:42,720][__main__][INFO] - Decode Image...
[2023-05-14 02:21:42,895][__main__][INFO] - Inference
[2023-05-14 02:21:42,895][__main__][INFO] - Prompt: A carrot on the left of a broccoli.
[2023-05-14 02:21:42,895][__main__][INFO] - Phrases: carrot;broccoli
[2023-05-14 02:21:42,895][__main__][INFO] - Conver Phrases to Object Positions
[2023-05-14 02:22:09,307][__main__][INFO] - Decode Image...
[2023-05-14 02:22:09,526][__main__][INFO] - Inference
[2023-05-14 02:22:09,526][__main__][INFO] - Prompt: A carrot on the left of a broccoli.
[2023-05-14 02:22:09,526][__main__][INFO] - Phrases: carrot;broccoli
[2023-05-14 02:22:09,526][__main__][INFO] - Conver Phrases to Object Positions
[2023-05-14 02:22:46,027][__main__][INFO] - Decode Image...
[2023-05-14 02:22:46,204][__main__][INFO] - Inference
[2023-05-14 02:22:46,204][__main__][INFO] - Prompt: A carrot on the left of a broccoli.
[2023-05-14 02:22:46,204][__main__][INFO] - Phrases: carrot;broccoli
[2023-05-14 02:22:46,204][__main__][INFO] - Conver Phrases to Object Positions
[2023-05-14 02:23:26,104][__main__][INFO] - Decode Image...
[2023-05-14 02:23:26,271][__main__][INFO] - Inference
[2023-05-14 02:23:26,272][__main__][INFO] - Prompt: A carrot on the left of a broccoli.
[2023-05-14 02:23:26,272][__main__][INFO] - Phrases: carrot;broccoli
[2023-05-14 02:23:26,272][__main__][INFO] - Conver Phrases to Object Positions
[2023-05-14 02:23:52,121][__main__][INFO] - Decode Image...
[2023-05-14 02:23:52,316][__main__][INFO] - Inference
[2023-05-14 02:23:52,316][__main__][INFO] - Prompt: A carrot on the left of a broccoli.
[2023-05-14 02:23:52,316][__main__][INFO] - Phrases: carrot;broccoli
[2023-05-14 02:23:52,316][__main__][INFO] - Conver Phrases to Object Positions
[2023-05-14 02:24:15,314][__main__][INFO] - Decode Image...
[2023-05-14 02:24:15,483][__main__][INFO] - Inference
[2023-05-14 02:24:15,483][__main__][INFO] - Prompt: A carrot on the left of a broccoli.
[2023-05-14 02:24:15,483][__main__][INFO] - Phrases: carrot;broccoli
[2023-05-14 02:24:15,483][__main__][INFO] - Conver Phrases to Object Positions
[2023-05-14 02:24:44,858][__main__][INFO] - Decode Image...
[2023-05-14 02:24:45,073][__main__][INFO] - Inference
[2023-05-14 02:24:45,073][__main__][INFO] - Prompt: A carrot on the left of a broccoli.
[2023-05-14 02:24:45,073][__main__][INFO] - Phrases: carrot;broccoli
[2023-05-14 02:24:45,073][__main__][INFO] - Conver Phrases to Object Positions
[2023-05-14 02:25:17,893][__main__][INFO] - Decode Image...
[2023-05-14 02:25:18,086][__main__][INFO] - Inference
[2023-05-14 02:25:18,087][__main__][INFO] - Prompt: A pizza on the right of a suitcase.
[2023-05-14 02:25:18,087][__main__][INFO] - Phrases: pizza;suitcase
[2023-05-14 02:25:18,087][__main__][INFO] - Conver Phrases to Object Positions
[2023-05-14 02:25:43,786][__main__][INFO] - Decode Image...
[2023-05-14 02:25:43,977][__main__][INFO] - Inference
[2023-05-14 02:25:43,977][__main__][INFO] - Prompt: A pizza on the right of a suitcase.
[2023-05-14 02:25:43,977][__main__][INFO] - Phrases: pizza;suitcase
[2023-05-14 02:25:43,977][__main__][INFO] - Conver Phrases to Object Positions
[2023-05-14 02:26:13,486][__main__][INFO] - Decode Image...
[2023-05-14 02:26:13,675][__main__][INFO] - Inference
[2023-05-14 02:26:13,675][__main__][INFO] - Prompt: A pizza on the right of a suitcase.
[2023-05-14 02:26:13,675][__main__][INFO] - Phrases: pizza;suitcase
[2023-05-14 02:26:13,675][__main__][INFO] - Conver Phrases to Object Positions
[2023-05-14 02:26:45,650][__main__][INFO] - Decode Image...
[2023-05-14 02:26:45,855][__main__][INFO] - Inference
[2023-05-14 02:26:45,855][__main__][INFO] - Prompt: A pizza on the right of a suitcase.
[2023-05-14 02:26:45,855][__main__][INFO] - Phrases: pizza;suitcase
[2023-05-14 02:26:45,855][__main__][INFO] - Conver Phrases to Object Positions
[2023-05-14 02:27:15,014][__main__][INFO] - Decode Image...
[2023-05-14 02:27:15,196][__main__][INFO] - Inference
[2023-05-14 02:27:15,196][__main__][INFO] - Prompt: A pizza on the right of a suitcase.
[2023-05-14 02:27:15,196][__main__][INFO] - Phrases: pizza;suitcase
[2023-05-14 02:27:15,196][__main__][INFO] - Conver Phrases to Object Positions
[2023-05-14 02:27:49,835][__main__][INFO] - Decode Image...
[2023-05-14 02:27:50,051][__main__][INFO] - Inference
[2023-05-14 02:27:50,051][__main__][INFO] - Prompt: A pizza on the right of a suitcase.
[2023-05-14 02:27:50,051][__main__][INFO] - Phrases: pizza;suitcase
[2023-05-14 02:27:50,051][__main__][INFO] - Conver Phrases to Object Positions
[2023-05-14 02:28:17,408][__main__][INFO] - Decode Image...
[2023-05-14 02:28:17,616][__main__][INFO] - Inference
[2023-05-14 02:28:17,616][__main__][INFO] - Prompt: A pizza on the right of a suitcase.
[2023-05-14 02:28:17,616][__main__][INFO] - Phrases: pizza;suitcase
[2023-05-14 02:28:17,616][__main__][INFO] - Conver Phrases to Object Positions
[2023-05-14 02:28:43,048][__main__][INFO] - Decode Image...
[2023-05-14 02:28:43,331][__main__][INFO] - Inference
[2023-05-14 02:28:43,331][__main__][INFO] - Prompt: A pizza on the right of a suitcase.
[2023-05-14 02:28:43,331][__main__][INFO] - Phrases: pizza;suitcase
[2023-05-14 02:28:43,331][__main__][INFO] - Conver Phrases to Object Positions
[2023-05-14 02:29:20,176][__main__][INFO] - Decode Image...
[2023-05-14 02:29:20,385][__main__][INFO] - Inference
[2023-05-14 02:29:20,385][__main__][INFO] - Prompt: A pizza on the right of a suitcase.
[2023-05-14 02:29:20,385][__main__][INFO] - Phrases: pizza;suitcase
[2023-05-14 02:29:20,385][__main__][INFO] - Conver Phrases to Object Positions
[2023-05-14 02:29:43,954][__main__][INFO] - Decode Image...
[2023-05-14 02:29:44,168][__main__][INFO] - Inference
[2023-05-14 02:29:44,168][__main__][INFO] - Prompt: A pizza on the right of a suitcase.
[2023-05-14 02:29:44,168][__main__][INFO] - Phrases: pizza;suitcase
[2023-05-14 02:29:44,168][__main__][INFO] - Conver Phrases to Object Positions
[2023-05-14 02:30:12,509][__main__][INFO] - Decode Image...
[2023-05-14 02:30:12,714][__main__][INFO] - Inference
[2023-05-14 02:30:12,714][__main__][INFO] - Prompt: A cat on the right of a tennis racket.
[2023-05-14 02:30:12,714][__main__][INFO] - Phrases: cat;tennis;racket
[2023-05-14 02:30:12,714][__main__][INFO] - Conver Phrases to Object Positions
[2023-05-14 02:31:07,675][__main__][INFO] - Decode Image...
[2023-05-14 02:31:07,884][__main__][INFO] - Inference
[2023-05-14 02:31:07,884][__main__][INFO] - Prompt: A cat on the right of a tennis racket.
[2023-05-14 02:31:07,884][__main__][INFO] - Phrases: cat;tennis;racket
[2023-05-14 02:31:07,884][__main__][INFO] - Conver Phrases to Object Positions
[2023-05-14 02:32:03,326][__main__][INFO] - Decode Image...
[2023-05-14 02:32:03,548][__main__][INFO] - Inference
[2023-05-14 02:32:03,549][__main__][INFO] - Prompt: A cat on the right of a tennis racket.
[2023-05-14 02:32:03,549][__main__][INFO] - Phrases: cat;tennis;racket
[2023-05-14 02:32:03,549][__main__][INFO] - Conver Phrases to Object Positions
[2023-05-14 02:32:26,897][__main__][INFO] - Decode Image...
[2023-05-14 02:32:27,106][__main__][INFO] - Inference
[2023-05-14 02:32:27,106][__main__][INFO] - Prompt: A cat on the right of a tennis racket.
[2023-05-14 02:32:27,106][__main__][INFO] - Phrases: cat;tennis;racket
[2023-05-14 02:32:27,106][__main__][INFO] - Conver Phrases to Object Positions
[2023-05-14 02:33:22,549][__main__][INFO] - Decode Image...
[2023-05-14 02:33:22,737][__main__][INFO] - Inference
[2023-05-14 02:33:22,737][__main__][INFO] - Prompt: A cat on the right of a tennis racket.
[2023-05-14 02:33:22,737][__main__][INFO] - Phrases: cat;tennis;racket
[2023-05-14 02:33:22,737][__main__][INFO] - Conver Phrases to Object Positions
[2023-05-14 02:34:18,170][__main__][INFO] - Decode Image...
[2023-05-14 02:34:18,336][__main__][INFO] - Inference
[2023-05-14 02:34:18,336][__main__][INFO] - Prompt: A cat on the right of a tennis racket.
[2023-05-14 02:34:18,336][__main__][INFO] - Phrases: cat;tennis;racket
[2023-05-14 02:34:18,336][__main__][INFO] - Conver Phrases to Object Positions
[2023-05-14 02:35:13,816][__main__][INFO] - Decode Image...
[2023-05-14 02:35:14,025][__main__][INFO] - Inference
[2023-05-14 02:35:14,025][__main__][INFO] - Prompt: A cat on the right of a tennis racket.
[2023-05-14 02:35:14,025][__main__][INFO] - Phrases: cat;tennis;racket
[2023-05-14 02:35:14,025][__main__][INFO] - Conver Phrases to Object Positions
[2023-05-14 02:35:38,211][__main__][INFO] - Decode Image...
[2023-05-14 02:35:38,406][__main__][INFO] - Inference
[2023-05-14 02:35:38,406][__main__][INFO] - Prompt: A cat on the right of a tennis racket.
[2023-05-14 02:35:38,406][__main__][INFO] - Phrases: cat;tennis;racket
[2023-05-14 02:35:38,406][__main__][INFO] - Conver Phrases to Object Positions
[2023-05-14 02:36:33,832][__main__][INFO] - Decode Image...
[2023-05-14 02:36:34,018][__main__][INFO] - Inference
[2023-05-14 02:36:34,018][__main__][INFO] - Prompt: A cat on the right of a tennis racket.
[2023-05-14 02:36:34,018][__main__][INFO] - Phrases: cat;tennis;racket
[2023-05-14 02:36:34,018][__main__][INFO] - Conver Phrases to Object Positions
[2023-05-14 02:37:29,342][__main__][INFO] - Decode Image...
[2023-05-14 02:37:29,531][__main__][INFO] - Inference
[2023-05-14 02:37:29,531][__main__][INFO] - Prompt: A cat on the right of a tennis racket.
[2023-05-14 02:37:29,531][__main__][INFO] - Phrases: cat;tennis;racket
[2023-05-14 02:37:29,532][__main__][INFO] - Conver Phrases to Object Positions
[2023-05-14 02:38:08,457][__main__][INFO] - Decode Image...
[2023-05-14 02:38:08,651][__main__][INFO] - Inference
[2023-05-14 02:38:08,651][__main__][INFO] - Prompt: A stop sign on the right of a refrigerator.
[2023-05-14 02:38:08,651][__main__][INFO] - Phrases: stop;sign;refrigerator
[2023-05-14 02:38:08,651][__main__][INFO] - Conver Phrases to Object Positions
[2023-05-14 02:39:04,143][__main__][INFO] - Decode Image...
[2023-05-14 02:39:04,341][__main__][INFO] - Inference
[2023-05-14 02:39:04,341][__main__][INFO] - Prompt: A stop sign on the right of a refrigerator.
[2023-05-14 02:39:04,341][__main__][INFO] - Phrases: stop;sign;refrigerator
[2023-05-14 02:39:04,341][__main__][INFO] - Conver Phrases to Object Positions
[2023-05-14 02:39:59,887][__main__][INFO] - Decode Image...
[2023-05-14 02:40:00,090][__main__][INFO] - Inference
[2023-05-14 02:40:00,090][__main__][INFO] - Prompt: A stop sign on the right of a refrigerator.
[2023-05-14 02:40:00,090][__main__][INFO] - Phrases: stop;sign;refrigerator
[2023-05-14 02:40:00,090][__main__][INFO] - Conver Phrases to Object Positions
[2023-05-14 02:40:34,420][__main__][INFO] - Decode Image...
[2023-05-14 02:40:34,614][__main__][INFO] - Inference
[2023-05-14 02:40:34,614][__main__][INFO] - Prompt: A stop sign on the right of a refrigerator.
[2023-05-14 02:40:34,614][__main__][INFO] - Phrases: stop;sign;refrigerator
[2023-05-14 02:40:34,614][__main__][INFO] - Conver Phrases to Object Positions
[2023-05-14 02:41:08,532][__main__][INFO] - Decode Image...
[2023-05-14 02:41:08,726][__main__][INFO] - Inference
[2023-05-14 02:41:08,726][__main__][INFO] - Prompt: A stop sign on the right of a refrigerator.
[2023-05-14 02:41:08,726][__main__][INFO] - Phrases: stop;sign;refrigerator
[2023-05-14 02:41:08,726][__main__][INFO] - Conver Phrases to Object Positions
[2023-05-14 02:41:37,119][__main__][INFO] - Decode Image...
[2023-05-14 02:41:37,321][__main__][INFO] - Inference
[2023-05-14 02:41:37,321][__main__][INFO] - Prompt: A stop sign on the right of a refrigerator.
[2023-05-14 02:41:37,321][__main__][INFO] - Phrases: stop;sign;refrigerator
[2023-05-14 02:41:37,321][__main__][INFO] - Conver Phrases to Object Positions
[2023-05-14 02:42:32,827][__main__][INFO] - Decode Image...
[2023-05-14 02:42:33,038][__main__][INFO] - Inference
[2023-05-14 02:42:33,038][__main__][INFO] - Prompt: A stop sign on the right of a refrigerator.
[2023-05-14 02:42:33,038][__main__][INFO] - Phrases: stop;sign;refrigerator
[2023-05-14 02:42:33,038][__main__][INFO] - Conver Phrases to Object Positions
[2023-05-14 02:43:28,450][__main__][INFO] - Decode Image...
[2023-05-14 02:43:28,654][__main__][INFO] - Inference
[2023-05-14 02:43:28,654][__main__][INFO] - Prompt: A stop sign on the right of a refrigerator.
[2023-05-14 02:43:28,654][__main__][INFO] - Phrases: stop;sign;refrigerator
[2023-05-14 02:43:28,654][__main__][INFO] - Conver Phrases to Object Positions
[2023-05-14 02:44:24,100][__main__][INFO] - Decode Image...
[2023-05-14 02:44:24,298][__main__][INFO] - Inference
[2023-05-14 02:44:24,298][__main__][INFO] - Prompt: A stop sign on the right of a refrigerator.
[2023-05-14 02:44:24,298][__main__][INFO] - Phrases: stop;sign;refrigerator
[2023-05-14 02:44:24,298][__main__][INFO] - Conver Phrases to Object Positions
[2023-05-14 02:45:19,789][__main__][INFO] - Decode Image...
[2023-05-14 02:45:19,996][__main__][INFO] - Inference
[2023-05-14 02:45:19,996][__main__][INFO] - Prompt: A stop sign on the right of a refrigerator.
[2023-05-14 02:45:19,996][__main__][INFO] - Phrases: stop;sign;refrigerator
[2023-05-14 02:45:19,996][__main__][INFO] - Conver Phrases to Object Positions
[2023-05-14 02:46:15,474][__main__][INFO] - Decode Image...
[2023-05-14 02:46:15,675][__main__][INFO] - Inference
[2023-05-14 02:46:15,675][__main__][INFO] - Prompt: A sheep to the right of a wine glass.
[2023-05-14 02:46:15,675][__main__][INFO] - Phrases: sheep;wine;glass
[2023-05-14 02:46:15,675][__main__][INFO] - Conver Phrases to Object Positions
[2023-05-14 02:46:41,476][__main__][INFO] - Decode Image...
[2023-05-14 02:46:41,691][__main__][INFO] - Inference
[2023-05-14 02:46:41,691][__main__][INFO] - Prompt: A sheep to the right of a wine glass.
[2023-05-14 02:46:41,691][__main__][INFO] - Phrases: sheep;wine;glass
[2023-05-14 02:46:41,692][__main__][INFO] - Conver Phrases to Object Positions
[2023-05-14 02:47:23,924][__main__][INFO] - Decode Image...
[2023-05-14 02:47:24,119][__main__][INFO] - Inference
[2023-05-14 02:47:24,119][__main__][INFO] - Prompt: A sheep to the right of a wine glass.
[2023-05-14 02:47:24,119][__main__][INFO] - Phrases: sheep;wine;glass
[2023-05-14 02:47:24,119][__main__][INFO] - Conver Phrases to Object Positions
[2023-05-14 02:48:07,634][__main__][INFO] - Decode Image...
[2023-05-14 02:48:07,839][__main__][INFO] - Inference
[2023-05-14 02:48:07,839][__main__][INFO] - Prompt: A sheep to the right of a wine glass.
[2023-05-14 02:48:07,839][__main__][INFO] - Phrases: sheep;wine;glass
[2023-05-14 02:48:07,839][__main__][INFO] - Conver Phrases to Object Positions
[2023-05-14 02:48:33,554][__main__][INFO] - Decode Image...
[2023-05-14 02:48:33,764][__main__][INFO] - Inference
[2023-05-14 02:48:33,764][__main__][INFO] - Prompt: A sheep to the right of a wine glass.
[2023-05-14 02:48:33,764][__main__][INFO] - Phrases: sheep;wine;glass
[2023-05-14 02:48:33,764][__main__][INFO] - Conver Phrases to Object Positions
[2023-05-14 02:49:02,577][__main__][INFO] - Decode Image...
[2023-05-14 02:49:02,768][__main__][INFO] - Inference
[2023-05-14 02:49:02,768][__main__][INFO] - Prompt: A sheep to the right of a wine glass.
[2023-05-14 02:49:02,768][__main__][INFO] - Phrases: sheep;wine;glass
[2023-05-14 02:49:02,768][__main__][INFO] - Conver Phrases to Object Positions
[2023-05-14 02:49:20,328][__main__][INFO] - Decode Image...
[2023-05-14 02:49:20,528][__main__][INFO] - Inference
[2023-05-14 02:49:20,528][__main__][INFO] - Prompt: A sheep to the right of a wine glass.
[2023-05-14 02:49:20,528][__main__][INFO] - Phrases: sheep;wine;glass
[2023-05-14 02:49:20,528][__main__][INFO] - Conver Phrases to Object Positions
[2023-05-14 02:49:50,165][__main__][INFO] - Decode Image...
[2023-05-14 02:49:50,376][__main__][INFO] - Inference
[2023-05-14 02:49:50,376][__main__][INFO] - Prompt: A sheep to the right of a wine glass.
[2023-05-14 02:49:50,376][__main__][INFO] - Phrases: sheep;wine;glass
[2023-05-14 02:49:50,376][__main__][INFO] - Conver Phrases to Object Positions
[2023-05-14 02:50:20,961][__main__][INFO] - Decode Image...
[2023-05-14 02:50:21,173][__main__][INFO] - Inference
[2023-05-14 02:50:21,174][__main__][INFO] - Prompt: A sheep to the right of a wine glass.
[2023-05-14 02:50:21,174][__main__][INFO] - Phrases: sheep;wine;glass
[2023-05-14 02:50:21,174][__main__][INFO] - Conver Phrases to Object Positions
[2023-05-14 02:50:55,217][__main__][INFO] - Decode Image...
[2023-05-14 02:50:55,406][__main__][INFO] - Inference
[2023-05-14 02:50:55,406][__main__][INFO] - Prompt: A sheep to the right of a wine glass.
[2023-05-14 02:50:55,406][__main__][INFO] - Phrases: sheep;wine;glass
[2023-05-14 02:50:55,406][__main__][INFO] - Conver Phrases to Object Positions
[2023-05-14 02:51:27,908][__main__][INFO] - Decode Image...
[2023-05-14 02:51:28,098][__main__][INFO] - Inference
[2023-05-14 02:51:28,098][__main__][INFO] - Prompt: A zebra to the right of a fire hydrant.
[2023-05-14 02:51:28,098][__main__][INFO] - Phrases: zebra;fire;hydrant
[2023-05-14 02:51:28,098][__main__][INFO] - Conver Phrases to Object Positions
[2023-05-14 02:51:51,272][__main__][INFO] - Decode Image...
[2023-05-14 02:51:51,459][__main__][INFO] - Inference
[2023-05-14 02:51:51,459][__main__][INFO] - Prompt: A zebra to the right of a fire hydrant.
[2023-05-14 02:51:51,459][__main__][INFO] - Phrases: zebra;fire;hydrant
[2023-05-14 02:51:51,459][__main__][INFO] - Conver Phrases to Object Positions
[2023-05-14 02:52:19,262][__main__][INFO] - Decode Image...
[2023-05-14 02:52:19,464][__main__][INFO] - Inference
[2023-05-14 02:52:19,464][__main__][INFO] - Prompt: A zebra to the right of a fire hydrant.
[2023-05-14 02:52:19,464][__main__][INFO] - Phrases: zebra;fire;hydrant
[2023-05-14 02:52:19,464][__main__][INFO] - Conver Phrases to Object Positions
[2023-05-14 02:52:40,462][__main__][INFO] - Decode Image...
[2023-05-14 02:52:40,642][__main__][INFO] - Inference
[2023-05-14 02:52:40,642][__main__][INFO] - Prompt: A zebra to the right of a fire hydrant.
[2023-05-14 02:52:40,643][__main__][INFO] - Phrases: zebra;fire;hydrant
[2023-05-14 02:52:40,643][__main__][INFO] - Conver Phrases to Object Positions
[2023-05-14 02:53:15,871][__main__][INFO] - Decode Image...
[2023-05-14 02:53:16,053][__main__][INFO] - Inference
[2023-05-14 02:53:16,053][__main__][INFO] - Prompt: A zebra to the right of a fire hydrant.
[2023-05-14 02:53:16,053][__main__][INFO] - Phrases: zebra;fire;hydrant
[2023-05-14 02:53:16,053][__main__][INFO] - Conver Phrases to Object Positions
[2023-05-14 02:53:44,703][__main__][INFO] - Decode Image...
[2023-05-14 02:53:44,890][__main__][INFO] - Inference
[2023-05-14 02:53:44,890][__main__][INFO] - Prompt: A zebra to the right of a fire hydrant.
[2023-05-14 02:53:44,890][__main__][INFO] - Phrases: zebra;fire;hydrant
[2023-05-14 02:53:44,891][__main__][INFO] - Conver Phrases to Object Positions
[2023-05-14 02:54:11,655][__main__][INFO] - Decode Image...
[2023-05-14 02:54:11,830][__main__][INFO] - Inference
[2023-05-14 02:54:11,830][__main__][INFO] - Prompt: A zebra to the right of a fire hydrant.
[2023-05-14 02:54:11,830][__main__][INFO] - Phrases: zebra;fire;hydrant
[2023-05-14 02:54:11,830][__main__][INFO] - Conver Phrases to Object Positions
[2023-05-14 02:54:45,858][__main__][INFO] - Decode Image...
[2023-05-14 02:54:46,051][__main__][INFO] - Inference
[2023-05-14 02:54:46,051][__main__][INFO] - Prompt: A zebra to the right of a fire hydrant.
[2023-05-14 02:54:46,051][__main__][INFO] - Phrases: zebra;fire;hydrant
[2023-05-14 02:54:46,051][__main__][INFO] - Conver Phrases to Object Positions
[2023-05-14 02:55:11,800][__main__][INFO] - Decode Image...
[2023-05-14 02:55:11,988][__main__][INFO] - Inference
[2023-05-14 02:55:11,988][__main__][INFO] - Prompt: A zebra to the right of a fire hydrant.
[2023-05-14 02:55:11,988][__main__][INFO] - Phrases: zebra;fire;hydrant
[2023-05-14 02:55:11,988][__main__][INFO] - Conver Phrases to Object Positions
[2023-05-14 02:55:35,249][__main__][INFO] - Decode Image...
[2023-05-14 02:55:35,458][__main__][INFO] - Inference
[2023-05-14 02:55:35,458][__main__][INFO] - Prompt: A zebra to the right of a fire hydrant.
[2023-05-14 02:55:35,458][__main__][INFO] - Phrases: zebra;fire;hydrant
[2023-05-14 02:55:35,458][__main__][INFO] - Conver Phrases to Object Positions
[2023-05-14 02:56:10,479][__main__][INFO] - Decode Image...
